4.712079680757597089e-05 8.795767426490783691e-01 -1.843794882297515869e-01 -8.241927623748779297e-01 -2.197892032563686371e-02 -3.983461260795593262e-01 1.740457564592361450e-01
5.055976362200453877e-05 -3.488029167056083679e-02 8.218878507614135742e-01 -2.347903847694396973e-01 -8.405453562736511230e-01 -2.719851396977901459e-02 6.987003982067108154e-02
7.558022480225190520e-05 -1.230536308139562607e-02 1.774667017161846161e-02 3.015411319211125374e-03 -9.322670847177505493e-02 7.640786767005920410e-01 -8.304464221000671387e-01
2.610968294902704656e-05 9.049717187881469727e-01 -1.444673538208007812e-01 -8.465445041656494141e-01 -2.235539816319942474e-02 -3.921662271022796631e-01 2.425926029682159424e-01
2.153277637262362987e-05 -3.282172977924346924e-02 8.242506384849548340e-01 -2.144687622785568237e-02 -8.336386084556579590e-01 -1.149326041340827942e-01 1.424841880798339844e-01
4.137456198805011809e-05 -2.584872394800186157e-02 1.073026806116104126e-01 -6.968246400356292725e-02 -1.337571293115615845e-01 7.547875642776489258e-01 -8.066855072975158691e-01
6.139335891930386424e-05 8.881717324256896973e-01 -1.978113204240798950e-01 -8.577055335044860840e-01 -7.599301636219024658e-02 -4.129794239997863770e-01 1.534896492958068848e-01
6.550655234605073929e-05 -3.817502176389098167e-03 8.195629119873046875e-01 -8.362451195716857910e-02 -8.373168706893920898e-01 -4.237135406583547592e-03 5.990835279226303101e-02
9.722919639898464084e-05 -3.256834670901298523e-02 2.077702991664409637e-02 1.556793227791786194e-02 -5.388410016894340515e-02 7.635105848312377930e-01 -8.296157121658325195e-01
2.353226009290665388e-04 9.161305427551269531e-01 -1.925093084573745728e-01 -8.607653379440307617e-01 -1.357473433017730713e-01 -4.446898400783538818e-01 1.470374315977096558e-01
9.645045793149620295e-05 -1.086539682000875473e-02 8.356625437736511230e-01 -8.507122099399566650e-02 -8.455300927162170410e-01 7.593544665724039078e-03 1.587590388953685760e-02
3.762800479307770729e-04 -2.282157167792320251e-02 -2.703948318958282471e-02 3.578677028417587280e-02 -5.079789087176322937e-02 7.565732002258300781e-01 -8.446379303932189941e-01
1.675344305112957954e-03 8.863976597785949707e-01 -1.935266256332397461e-01 -8.177892565727233887e-01 -8.824367076158523560e-02 -5.198159217834472656e-01 2.008433938026428223e-01
2.796134504023939371e-04 -3.827816341072320938e-03 8.256215453147888184e-01 -7.811301946640014648e-02 -8.414460420608520508e-01 -9.156631305813789368e-03 4.664951190352439880e-02
3.032723208889365196e-03 -5.337833613157272339e-02 2.099923975765705109e-02 -2.270078510046005249e-01 1.904730801470577717e-03 7.001417875289916992e-01 -8.259194493293762207e-01
1.867850223788991570e-04 8.794796466827392578e-01 -2.318693548440933228e-01 -8.145210146903991699e-01 7.094680517911911011e-02 -2.418850362300872803e-01 1.311471909284591675e-01
4.496075416682288051e-05 -3.180143237113952637e-02 7.007219195365905762e-01 2.639936283230781555e-02 -6.323862075805664062e-01 -5.894266366958618164e-01 4.958421289920806885e-01
3.561481717042624950e-04 -5.294110998511314392e-02 4.224870502948760986e-01 2.919270396232604980e-01 -5.520064830780029297e-01 5.713189244270324707e-01 -6.764087080955505371e-01
-1.953430660068988800e-02 8.984404802322387695e-01 -7.496146112680435181e-02 -4.654492139816284180e-01 6.100656837224960327e-02 -4.914956092834472656e-01 2.327051609754562378e-01
-1.119826338253915310e-03 -3.517507389187812805e-02 8.240635991096496582e-01 -4.976511299610137939e-01 -8.119413852691650391e-01 4.297625124454498291e-01 6.799598038196563721e-02
-1.020062994211912155e-02 1.603865437209606171e-02 -2.258526384830474854e-01 5.277668833732604980e-01 -2.794116735458374023e-01 5.700135231018066406e-01 -8.289217948913574219e-01
3.204351523891091347e-04 8.854379653930664062e-01 -2.670941352844238281e-01 -7.989813089370727539e-01 1.149954199790954590e-01 -4.071887135505676270e-01 2.495874911546707153e-01
2.663464983925223351e-04 -5.253237858414649963e-02 7.810392975807189941e-01 -2.189617604017257690e-01 -8.192180395126342773e-01 -1.854795813560485840e-01 2.260463833808898926e-01
5.861555691808462143e-04 -2.029863931238651276e-02 1.625629663467407227e-01 -1.304372698068618774e-01 -1.834318637847900391e-01 7.292308807373046875e-01 -7.782264947891235352e-01
-2.216455154120922089e-02 8.917255997657775879e-01 -1.094770431518554688e-02 -4.430558979511260986e-01 -1.215143948793411255e-01 -4.651705026626586914e-01 2.130863368511199951e-01
-1.064789685187861323e-04 -6.166088394820690155e-03 7.623981237411499023e-01 5.591694116592407227e-01 -8.257880806922912598e-01 -3.417989015579223633e-01 -1.240326166152954102e-01
-1.059499103575944901e-02 9.607223793864250183e-03 -3.794359564781188965e-01 4.803752601146697998e-01 -1.539765447378158569e-01 6.430991888046264648e-01 -8.278903961181640625e-01
2.530097262933850288e-04 8.987853527069091797e-01 -6.676189601421356201e-02 -8.282479047775268555e-01 -2.487753145396709442e-02 -3.760035932064056396e-01 2.408656328916549683e-01
2.139286953024566174e-04 -6.664055585861206055e-02 8.413277864456176758e-01 7.605019956827163696e-02 -8.406477570533752441e-01 -6.844736635684967041e-02 5.543682351708412170e-02
3.763009153772145510e-04 -2.507618255913257599e-02 2.278233133256435394e-02 -3.575630486011505127e-02 -7.595157623291015625e-02 7.720044255256652832e-01 -8.207502365112304688e-01
1.526556658859590243e-15 8.958151340484619141e-01 -8.530061691999435425e-02 -8.442102670669555664e-01 -8.342441171407699585e-03 -3.855211138725280762e-01 2.733048796653747559e-01
-5.342948306008565851e-16 -6.245161592960357666e-02 8.330944180488586426e-01 -3.835697099566459656e-02 -8.419004678726196289e-01 -3.798489272594451904e-02 3.822760656476020813e-02
-6.218983661376853433e-16 -2.576731890439987183e-02 3.781037032604217529e-02 -7.400575280189514160e-02 -2.235591411590576172e-02 7.647575139999389648e-01 -8.064007163047790527e-01
-1.247925590723752975e-02 8.893583416938781738e-01 1.444766949862241745e-02 -4.063735902309417725e-01 -6.829635053873062134e-02 -4.505099952220916748e-01 2.312653809785842896e-01
-3.975974686909466982e-04 -5.796666070818901062e-02 7.588464617729187012e-01 5.833746790885925293e-01 -8.456830382347106934e-01 -3.384149372577667236e-01 -1.386384963989257812e-01
-5.796508863568305969e-03 4.582983820000663400e-05 -4.055459797382354736e-01 4.906742572784423828e-01 -1.223126724362373352e-01 6.614068150520324707e-01 -8.290956020355224609e-01
