2.452091026306152344e+01
6.893348217010498047e+00
-6.434233665466308594e+00
1.914690613746643066e+00
-3.892994403839111328e+00
-2.505475997924804688e+00
-6.196660041809082031e+00
7.500612735748291016e+00
-2.185315847396850586e+00
-6.009672164916992188e+00
-3.990879058837890625e+00
-4.337244033813476562e+00
-2.585985898971557617e+00
3.145099449157714844e+01
-1.256460942029953003e+02
8.641445636749267578e+01
-4.584864187240600586e+01
6.966649544239044189e+01
-1.469620585441589355e+01
6.853984069824218750e+01
-6.363321918249130249e+01
1.965214061737060547e+01
7.160021463036537170e+01
-3.065291881561279297e+00
3.596448540687561035e+00
-2.500297427177429199e-01
-1.620215835571289062e+02
1.253940791845321655e+03
-1.201063477516174316e+03
4.552562671899795532e+02
-9.431812658309936523e+02
-3.265718612670898438e+02
-1.409099883079528809e+03
-2.254633861780166626e+02
2.290664538741111755e+02
-2.156073938161134720e+02
4.805887689590454102e+02
-8.322024067640304565e+02
1.438909599781036377e+02
2.620933723449707031e+01
1.062420964241027832e+00
-6.074730396270751953e+00
-3.786484956741333008e+00
-1.019262194633483887e+00
3.446377992630004883e+00
2.710867881774902344e+00
4.265881538391113281e+00
-8.142932653427124023e-01
1.957077383995056152e+00
4.578238964080810547e+00
2.596306324005126953e+00
-7.387072443962097168e-01
2.471005058288574219e+01
-7.550028944015502930e+01
4.737918376922607422e+01
-5.311561572551727295e+01
5.765849804878234863e+01
-3.915969467163085938e+01
2.311136245727539062e+00
-9.907990801334381104e+01
4.214292675256729126e+00
5.544564260542392731e+01
2.532360363006591797e+01
-3.071278947591781616e+01
-6.720387101173400879e+00
-1.997587680816650391e+02
1.280229217529296875e+03
-1.381710898399353027e+03
4.891707381010055542e+02
-1.254944394230842590e+03
-2.547405495643615723e+02
-1.410635025024414062e+03
9.773048400878906250e+01
2.506909314393997192e+02
-4.184410517811775208e+02
2.810042645931243896e+02
-8.249958710670471191e+02
1.805439140796661377e+02
2.926435089111328125e+01
-8.409615516662597656e+00
3.707515001296997070e+00
-6.002151489257812500e+00
2.481980323791503906e+00
-4.558658123016357422e+00
7.755541801452636719e+00
3.608047008514404297e+00
6.434855461120605469e-01
1.695984154939651489e-01
-2.704738616943359375e+00
-6.274256110191345215e-01
-1.658646702766418457e+00
1.831201744079589844e+01
-1.243249428272247314e+01
-5.553902626037597656e+00
-1.328623497486114502e+01
2.892379015684127808e+01
-4.501595044136047363e+01
-6.095114517211914062e+01
-1.017180178761482239e+02
2.010736471414566040e+01
4.772323101758956909e+01
6.248923969268798828e+01
-6.496871805191040039e+01
9.877490401268005371e-01
-2.171170387268066406e+02
1.096545487761497498e+03
-1.451732581138610840e+03
3.704987690448760986e+02
-1.398525177359580994e+03
1.121554541587829590e+01
-1.044090351939201355e+03
5.612020581364631653e+02
1.964319194257259369e+02
-5.937516087144613266e+02
1.181685304641723633e+02
-5.257554445862770081e+02
2.466709650158882141e+02
2.953255462646484375e+01
-1.099711513519287109e+01
2.610660552978515625e+00
-2.175975322723388672e+00
2.232845306396484375e+00
-4.003890037536621094e+00
2.709593772888183594e+00
6.626207232475280762e-01
-1.087306976318359375e+00
1.983208298683166504e+00
-6.786828041076660156e+00
-7.354513168334960938e+00
-3.302037477493286133e+00
1.329661369323730469e+01
2.931342005729675293e+01
-5.492314147949218750e+01
1.515921616554260254e+01
-3.205453479290008545e+01
-5.062410736083984375e+01
-9.775050067901611328e+01
-1.057029600143432617e+02
4.990594837069511414e+01
5.582079377770423889e+01
6.057932662963867188e+01
-9.297786623239517212e+01
3.104716742038726807e+01
-1.627016296386718750e+02
5.728581427335739136e+02
-1.201179321289062500e+03
1.314705110788345337e+02
-1.270569660961627960e+03
2.673387705087661743e+02
-2.258226473331451416e+02
1.158984351634979248e+03
1.717601849809288979e+02
-7.043778502941131592e+02
-1.538699307441711426e+02
-1.192369730472564697e+02
3.335687308311462402e+02
2.583109855651855469e+01
-1.991114139556884766e+00
3.224959611892700195e+00
-1.095755457878112793e+00
5.023329257965087891e+00
-5.517089366912841797e+00
-4.944373130798339844e+00
-5.242323875427246094e-01
1.470563113689422607e-01
8.143984675407409668e-01
-5.445590019226074219e+00
-4.763476848602294922e+00
-3.036943912506103516e+00
1.281610870361328125e+01
2.476216912269592285e+00
-5.210521697998046875e+01
7.745071411132812500e+00
-6.646469634771347046e+01
-4.811750054359436035e+01
-7.771470499038696289e+01
-6.054268854856491089e+01
5.786024820804595947e+01
4.551006662845611572e+01
2.947394680976867676e+01
-8.916352427005767822e+01
1.324851232767105103e+01
-3.992198562622070312e+01
-2.749113264083862305e+02
-6.359828426837921143e+02
-1.695394059419631958e+02
-8.884887304306030273e+02
5.906770789623260498e+02
8.949190385341644287e+02
1.705468402862548828e+03
1.623881898820400238e+02
-7.765478357970714569e+02
-6.935799455642700195e+02
3.091192271113395691e+02
3.748802466392517090e+02
2.602409934997558594e+01
7.452595233917236328e+00
-8.891716957092285156e+00
-5.081835269927978516e+00
-8.222761750221252441e-01
-8.774187088012695312e+00
-1.449926853179931641e+01
-6.858592987060546875e+00
-4.137226581573486328e+00
-2.807572364807128906e+00
4.507494449615478516e+00
-1.111458683013916016e+01
-3.801673173904418945e+00
7.849401473999023438e+00
-7.463680267333984375e+00
-6.146262454986572266e+01
-2.395773053169250488e+00
-8.092501783370971680e+01
-2.777148532867431641e+01
-5.891008913516998291e+01
-1.096242606639862061e+01
3.842808288335800171e+01
4.165190160274505615e-01
-5.429596900939941406e+00
-6.765409058332443237e+01
1.880399894714355469e+01
5.673520088195800781e+01
-1.174651311635971069e+03
2.030043208599090576e+02
-4.675415045022964478e+02
-2.531430891156196594e+02
9.495278942584991455e+02
2.031613317489624023e+03
2.059605578005313873e+03
1.251793290525674820e+02
-8.367186070084571838e+02
-1.400737883329391479e+03
8.796525237560272217e+02
3.774790353775024414e+02
2.648562431335449219e+01
1.082290458679199219e+01
-1.298054122924804688e+01
4.943121910095214844e+00
-4.236274242401123047e+00
-5.689556598663330078e+00
-1.583331489562988281e+01
-2.246249675750732422e+00
3.207525730133056641e+00
1.009926944971084595e-01
8.826272964477539062e+00
-1.279559516906738281e+01
-5.609716176986694336e-01
7.043731689453125000e+00
-3.041111564636230469e+01
-7.077546024322509766e+01
-2.967916584014892578e+01
-7.652730983495712280e+01
1.749089062213897705e+01
1.247382164001464844e+00
3.727469819784164429e+01
2.415119605511426926e+01
-1.049862962961196899e+01
3.166519403457641602e+00
-1.245825266838073730e+01
3.093603032827377319e+01
7.762048721313476562e+01
-1.569480712413787842e+03
7.829653770923614502e+02
-8.663802800178527832e+02
4.123758703470230103e+02
1.077056172907352448e+03
2.444722255110740662e+03
1.813543648004531860e+03
-1.234163728952407837e+02
-9.758850210607051849e+02
-1.813166563510894775e+03
1.309640908360481262e+03
2.267864077091217041e+02
2.732246017456054688e+01
6.474823474884033203e+00
-1.372615623474121094e+01
2.854247331619262695e+00
-1.238299846649169922e+01
-6.423552036285400391e+00
-1.162674713134765625e+01
-5.019673347473144531e+00
8.032114028930664062e+00
5.583652496337890625e+00
2.261673688888549805e+00
-1.334848785400390625e+01
5.533102512359619141e+00
1.888533592224121094e+01
-9.160327482223510742e+01
-2.992920374870300293e+01
-5.572586905956268311e+01
-4.519168627262115479e+01
2.307944726943969727e+01
9.735502541065216064e+01
9.607935738563537598e+01
3.267277930676937103e+01
-1.485226185619831085e+01
-2.257620954513549805e+01
1.034758329391479492e+01
4.392522406578063965e+01
1.954345512390136719e+01
-1.173828199744224548e+03
8.464468154907226562e+02
-8.077756226062774658e+02
8.916204949021339417e+02
1.049657960534095764e+03
2.006699329137802124e+03
1.246653384566307068e+03
-2.821823999360203743e+02
-1.103308724582195282e+03
-1.727902787208557129e+03
1.571368521928787231e+03
-9.993442010879516602e+01
2.915657234191894531e+01
-1.077558708190917969e+01
-2.502346038818359375e+00
-5.875762462615966797e+00
-7.863458633422851562e+00
-5.374380111694335938e+00
1.224518895149230957e+00
4.136558532714843750e+00
5.125400543212890625e+00
3.879911184310913086e+00
-3.474054813385009766e+00
-7.645426273345947266e+00
-4.401643753051757812e+00
3.283498001098632812e+01
-1.641131010055541992e+02
1.964568591117858887e+01
-7.369059062004089355e+01
-1.037487816810607910e+01
4.932713139057159424e+01
1.801773169040679932e+02
1.231829409599304199e+02
3.975287381559610367e+01
-2.685131695866584778e+01
-9.437182736396789551e+01
1.749479913711547852e+01
4.357247501611709595e+01
-9.533327865600585938e+01
-1.706107463836669922e+02
4.264732949733734131e+02
-3.434715468883514404e+02
8.407905628681182861e+02
7.923753310441970825e+02
9.328072164058685303e+02
3.391225196719169617e+02
-2.048112509846687317e+02
-9.934342873096466064e+02
-1.333001399040222168e+03
1.525992745041847229e+03
-3.146108231544494629e+02
2.919393730163574219e+01
-1.096849441528320312e+01
-4.563207149505615234e+00
-8.505050659179687500e+00
-3.868614673614501953e+00
-1.631754040718078613e+00
2.772018671035766602e+00
4.400542736053466797e+00
1.064633503556251526e-01
-2.343398094177246094e+00
-4.294389724731445312e+00
-4.048698902130126953e+00
9.829772114753723145e-01
2.665036201477050781e+01
-1.867224817276000977e+02
7.140116453170776367e+01
-7.989912319183349609e+01
3.293095612525939941e+01
7.421109241247177124e+01
2.120748342275619507e+02
1.218002619743347168e+02
3.781884068250656128e+01
-4.846439628303050995e+01
-1.590604419708251953e+02
5.651366090774536133e+01
4.484991943836212158e+01
-2.060768947601318359e+02
7.456691172122955322e+02
2.803675198554992676e+01
1.865724151134490967e+02
4.723575629591941833e+02
2.968701616525650024e+02
-2.138205149173736572e+02
-4.827610300183296204e+02
2.192211773991584778e+01
-7.444080386757850647e+02
-8.092700259685516357e+02
1.329169740915298462e+03
-8.043179128170013428e+02
2.929191970825195312e+01
-1.139718055725097656e+01
-4.533686637878417969e+00
-8.269153594970703125e+00
-2.740177631378173828e+00
-2.624050855636596680e+00
4.217992305755615234e+00
7.333154678344726562e+00
2.544495463371276855e-01
-2.840666770935058594e+00
-4.206749916076660156e+00
-4.221899509429931641e+00
1.210255861282348633e+00
1.493340873718261719e+01
-1.384461884498596191e+02
5.168540549278259277e+01
-1.045371954441070557e+02
4.630039757490158081e+01
6.918664383888244629e+01
1.498481278419494629e+02
6.241721701622009277e+01
8.811115346848964691e+00
-7.803624469041824341e+01
-1.598630344867706299e+02
7.749328351020812988e+01
2.588999933004379272e+01
-3.277739505767822266e+02
1.579697609424591064e+03
-3.792678582668304443e+02
6.830053392648696899e+02
-5.024595034122467041e+01
-2.808750311732292175e+02
-1.363044841766357422e+03
-1.089292760014533997e+03
9.269821611046791077e+01
-6.047499133646488190e+02
-1.773779349327087402e+02
1.091403328061103821e+03
-1.321215327739715576e+03
2.940561676025390625e+01
-1.223321628570556641e+01
-3.836459398269653320e+00
-6.311065196990966797e+00
-8.124807476997375488e-01
-4.053817749023437500e+00
7.276473999023437500e+00
1.156414985656738281e+01
4.399029254913330078e+00
-1.653749942779541016e-01
-5.883986473083496094e+00
-9.994286537170410156e+00
3.061711549758911133e+00
7.462100982666015625e-01
-3.539692878723144531e+01
-1.019158554077148438e+01
-5.281845808029174805e+01
3.281067359447479248e+01
6.486192542314529419e+01
5.302726161479949951e+01
2.588205224275588989e+01
1.255139969289302826e+01
-9.881802439689636230e+01
-1.281936249732971191e+02
1.052995197176933289e+02
-1.959962427616119385e+01
-4.364839878082275391e+02
2.193718956232070923e+03
-7.472297067642211914e+02
1.043581377029418945e+03
-5.988409987092018127e+02
-7.985692640542984009e+02
-2.241828027397394180e+03
-1.385511895179748535e+03
-7.691694969683885574e+01
-3.169741503596305847e+02
7.242643013000488281e+02
9.372703187465667725e+02
-1.735570154964923859e+03
2.963268852233886719e+01
-1.278415870666503906e+01
-2.169226646423339844e+00
-9.150518417358398438e+00
-4.543811082839965820e-01
5.437141060829162598e-01
1.014280414581298828e+01
9.309689521789550781e+00
7.141033649444580078e+00
-4.427486419677734375e+00
-1.308940887451171875e+01
-7.841797351837158203e+00
2.960553884506225586e+00
-1.157591247558593750e+01
5.857080483436584473e+01
-7.050319743156433105e+01
3.166526794433593750e+00
-2.251333850622177124e+01
4.187048625946044922e+01
-3.144623899459838867e+01
-2.239690291881561279e+01
3.244847286492586136e+01
-8.625075650215148926e+01
-9.606754684448242188e+01
1.061021667718887329e+02
-3.430963438749313354e+01
-4.628002281188964844e+02
2.326492176055908203e+03
-7.943550910949707031e+02
1.326941199302673340e+03
-9.648185830116271973e+02
-1.414730713844299316e+03
-2.516586716532707214e+03
-1.266262867629528046e+03
-2.976398931443691254e+02
2.392328118234872818e+02
1.702014380931854248e+03
5.971530620455741882e+02
-1.889451420187950134e+03
2.925097656250000000e+01
-1.201330947875976562e+01
-3.586925029754638672e+00
-9.305381774902343750e+00
-2.492036104202270508e+00
3.231183528900146484e+00
8.837371826171875000e+00
5.833457469940185547e+00
5.401632785797119141e+00
-6.972653865814208984e+00
-1.456485080718994141e+01
-3.234502315521240234e+00
4.602383136749267578e+00
-1.616013336181640625e+01
7.769725751876831055e+01
-7.253637266159057617e+01
2.587100696563720703e+01
-5.651610445976257324e+01
2.305241167545318604e+00
-5.809882283210754395e+01
-3.660889917612075806e+01
5.548178413510322571e+01
-7.409228229522705078e+01
-6.414004421234130859e+01
1.132424407601356506e+02
-9.715818762779235840e+01
-3.732076854705810547e+02
1.830917344331741333e+03
-3.748233065605163574e+02
1.460592055559158325e+03
-1.065167712628841400e+03
-1.879559544682502747e+03
-2.044662189304828644e+03
-9.022571547031402588e+02
-5.237402194589376450e+02
9.269603303670883179e+02
2.277210126638412476e+03
3.545867490768432617e+01
-1.698843160271644592e+03
2.848161125183105469e+01
-8.602076530456542969e+00
-8.011859893798828125e+00
-1.098257350921630859e+01
-4.547968864440917969e+00
2.012521505355834961e+00
6.953713893890380859e-01
8.407391905784606934e-01
5.302207469940185547e+00
-6.381645679473876953e+00
-1.331451606750488281e+01
5.768190026283264160e-01
2.408785343170166016e+00
-1.993416976928710938e+01
8.836454629898071289e+01
-6.816441893577575684e+01
3.467578697204589844e+01
-7.449618297815322876e+01
-3.108159828186035156e+01
-7.734977099299430847e+01
-3.876282501220703125e+01
4.018805718421936035e+01
-7.496796584129333496e+01
-1.687393283843994141e+01
1.267212877273559570e+02
-1.385018022060394287e+02
-2.509854164123535156e+02
8.939177312850952148e+02
4.958047624826431274e+02
1.456919939875602722e+03
-7.996725293397903442e+02
-1.998021440446376801e+03
-1.028618336558341980e+03
-5.498508794307708740e+02
-7.961628995537757874e+02
1.596332356929779053e+03
2.270700600981712341e+03
-4.587036154270172119e+02
-1.044880614280700684e+03
2.790152168273925781e+01
-3.135389566421508789e+00
-1.322117328643798828e+01
-5.899752140045166016e+00
-7.926685810089111328e+00
1.028343081474304199e+00
-2.486950635910034180e+00
2.712113142013549805e+00
6.668128013610839844e+00
-8.713353157043457031e+00
-1.505049133300781250e+01
7.307584285736083984e+00
-6.721902847290039062e+00
-2.262622070312500000e+01
8.600411081314086914e+01
-4.836313247680664062e+01
4.408369636535644531e+01
-8.488399302959442139e+01
-7.347435647249221802e+01
-8.954624527692794800e+01
-2.843118137121200562e+01
-1.623656749725341797e+00
-4.314074182510375977e+01
3.695737409591674805e+01
1.272286857962608337e+02
-1.673576447963714600e+02
-1.388950271606445312e+02
-8.502283859252929688e+01
1.392301326796412468e+03
1.138912650585174561e+03
-3.508491114377975464e+02
-1.781535626292228699e+03
-8.731544017791748047e+01
-5.753227860927581787e+02
-1.197348789714276791e+03
2.087728193283081055e+03
1.949857774138450623e+03
-9.032115955352783203e+02
-6.392920511960983276e+01
2.767572021484375000e+01
-3.460243225097656250e+00
-1.195796775817871094e+01
-4.932815551757812500e+00
-9.124455451965332031e+00
-1.041367888450622559e+00
-1.321727871894836426e+00
4.482535839080810547e+00
5.541740417480468750e+00
-9.433002471923828125e+00
-1.269976615905761719e+01
6.273597717285156250e+00
-8.184824943542480469e+00
-2.424726486206054688e+01
7.128608465194702148e+01
-1.360875511169433594e+01
7.577873706817626953e+01
-8.048832726478576660e+01
-1.278181682825088501e+02
-8.137308207154273987e+01
-1.449643456935882568e+01
-3.149629342555999756e+01
2.124857020378112793e+01
9.661045980453491211e+01
8.714706361293792725e+01
-1.680491652488708496e+02
-6.464699363708496094e+01
-7.038246543407440186e+02
1.956349553525447845e+03
9.112907774448394775e+02
9.499865722656250000e+01
-1.143302256941795349e+03
4.800904834866523743e+02
-7.534390622973442078e+02
-1.511340776979923248e+03
2.210271689891815186e+03
1.357760585546493530e+03
-1.158178556740283966e+03
9.123944995403289795e+02
2.740587043762207031e+01
-3.091316938400268555e+00
-1.097607421875000000e+01
-4.287195205688476562e+00
-8.628932952880859375e+00
-5.150738239288330078e+00
-3.543263971805572510e-01
3.929538011550903320e+00
9.336598396301269531e+00
-1.115968799591064453e+01
-9.320109367370605469e+00
5.634698867797851562e+00
-1.123050975799560547e+01
-2.349027442932128906e+01
4.555869436264038086e+01
4.516703718900680542e+01
9.368354904651641846e+01
-6.642638397216796875e+01
-1.605190225839614868e+02
-4.291216921806335449e+01
-1.483069068193435669e+01
-5.773302546143531799e+01
7.815273618698120117e+01
1.155130659341812134e+02
4.201863127946853638e+01
-1.344794449806213379e+02
-2.588903236389160156e+01
-9.238483891487121582e+02
2.106753084152936935e+03
7.936711935997009277e+02
3.527279264330863953e+02
-2.072893038988113403e+02
6.148833668828010559e+02
-1.064736188888549805e+03
-1.590453973293304443e+03
1.976053569793701172e+03
5.106141877174377441e+02
-1.296754135370254517e+03
1.935756361722946167e+03
2.712403488159179688e+01
-3.043906211853027344e+00
-8.917147636413574219e+00
-4.078368186950683594e+00
-9.808184623718261719e+00
-8.228508949279785156e+00
-8.330035209655761719e-01
6.562320232391357422e+00
7.081309795379638672e+00
-1.039899063110351562e+01
-5.921552181243896484e+00
6.043464183807373047e+00
-1.429226779937744141e+01
-2.168338394165039062e+01
1.588217377662658691e+01
9.962709785997867584e+01
1.089570066928863525e+02
-4.311047506332397461e+01
-1.574937785863876343e+02
-2.526606023311614990e+00
-5.050560927391052246e+01
-9.126754730939865112e+01
1.268312256336212158e+02
1.034187396764755249e+02
1.625903630256652832e+01
-6.475065898895263672e+01
4.257181167602539062e+00
-1.014278304576873779e+03
2.019631231129169464e+03
6.116156903505325317e+02
5.441815599203109741e+02
8.260914959311485291e+02
5.786048284769058228e+02
-1.308001980900764465e+03
-1.301925654560327530e+03
1.374199281692504883e+03
-4.383198651075363159e+02
-1.314788162589073181e+03
2.599938907504081726e+03
2.675457763671875000e+01
-3.783832550048828125e+00
-6.185200214385986328e+00
-3.115786552429199219e+00
-1.080555629730224609e+01
-1.088880634307861328e+01
-1.778107643127441406e+00
6.558392047882080078e+00
2.010541915893554688e+00
-3.615576028823852539e+00
-4.796593666076660156e+00
5.540143489837646484e+00
-1.527323436737060547e+01
-2.165359878540039062e+01
-4.297268152236938477e+00
1.377954038083553314e+02
1.083848360776901245e+02
-3.300057601928710938e+01
-1.254025081396102905e+02
2.921177804470062256e+00
-1.138228163719177246e+02
-1.194702901542186737e+02
1.631258940696716309e+02
9.145845043659210205e+01
-7.615570545196533203e+00
1.329631233215332031e+01
2.004607963562011719e+01
-9.544287567138671875e+02
1.685284998551011086e+03
2.686148681640625000e+02
6.749051835536956787e+02
1.819233691692352295e+03
4.936391915678977966e+02
-1.260782739162445068e+03
-8.757019796371459961e+02
4.362367758154869080e+02
-1.243606156229972839e+03
-1.228486450910568237e+03
2.786067507982254028e+03
2.624587249755859375e+01
-3.924848556518554688e+00
-3.731339931488037109e+00
1.296727538108825684e+00
-1.153565311431884766e+01
-1.415555000305175781e+01
-2.007825374603271484e+00
1.976733207702636719e+00
2.536096870899200439e-01
9.871039390563964844e-01
-1.392064213752746582e+00
5.048882961273193359e+00
-1.466734600067138672e+01
-2.252694129943847656e+01
-9.536924123764038086e+00
1.535570577830076218e+02
1.195632762908935547e+02
-3.670757675170898438e+01
-6.320700931549072266e+01
-6.258720099925994873e+00
-1.503749611377716064e+02
-1.344175212383270264e+02
1.571805684566497803e+02
4.688846933841705322e+01
-1.626532459259033203e+01
6.585299396514892578e+01
4.332588195800781250e+00
-7.459686663150787354e+02
1.140311007618904114e+03
-2.458335118293762207e+02
7.430033397674560547e+02
2.495018015384674072e+03
3.225606846213340759e+02
-7.770063801407814026e+02
-3.030733584165573120e+02
-5.662863279879093170e+02
-1.766802489280700684e+03
-1.084941199243068695e+03
2.526470068573951721e+03
2.576660537719726562e+01
-3.911419630050659180e+00
2.162527292966842651e-01
3.300435066223144531e+00
-1.224750137329101562e+01
-1.701715850830078125e+01
-3.398754894733428955e-01
-1.169296264648437500e+00
-3.301274538040161133e+00
4.731576442718505859e+00
-1.449925541877746582e+00
4.857361316680908203e+00
-1.040785312652587891e+01
-2.181509399414062500e+01
-2.083706974983215332e+01
1.664725594520568848e+02
1.201780511140823364e+02
-3.196174907684326172e+01
7.959951877593994141e+00
-2.364159983396530151e+01
-1.673857331275939941e+02
-1.373113951981067657e+02
1.162807276248931885e+02
-1.326090705394744873e+01
-1.856199884414672852e+01
1.173632005453109741e+02
-5.874184608459472656e+01
-3.966266465187072754e+02
3.925972096323966980e+02
-6.819982786178588867e+02
8.331504645347595215e+02
2.724714505732059479e+03
1.785811835527420044e+02
5.928432393074035645e+01
4.798251211643218994e+02
-1.432852452993392944e+03
-1.794323453664779663e+03
-9.827409608364105225e+02
1.810252107203006744e+03
2.553969955444335938e+01
-3.644078969955444336e+00
1.505812644958496094e+00
5.948914051055908203e+00
-1.033522129058837891e+01
-1.583518886566162109e+01
-8.475924134254455566e-01
-8.278918266296386719e+00
-5.562047958374023438e+00
8.146382331848144531e+00
-4.444985389709472656e+00
7.115241527557373047e+00
-6.762475013732910156e+00
-2.079755020141601562e+01
-3.219864940643310547e+01
1.688766217976808548e+02
1.049413521289825439e+02
-8.389303207397460938e+00
7.328083634376525879e+01
-3.114256569743156433e+01
-1.688601117134094238e+02
-1.166326225399971008e+02
5.980646389722824097e+01
-5.791553914546966553e+01
-2.851799488067626953e+01
1.440472717285156250e+02
-1.552115688323974609e+02
2.150037336349487305e+01
-3.676388667821884155e+02
-9.864120801687240601e+02
9.008969683647155762e+02
2.444401094317436218e+03
1.961516338735818863e+02
1.147960903882980347e+03
1.339308209508657455e+03
-1.992428367197513580e+03
-1.390075587630271912e+03
-8.800468778610229492e+02
8.455792950391769409e+02
2.512931060791015625e+01
-3.441542863845825195e+00
4.237226963043212891e+00
7.897570610046386719e+00
-1.302760410308837891e+01
-1.181194782257080078e+01
-1.825777769088745117e+00
-1.247668647766113281e+01
-6.845741748809814453e+00
8.091425895690917969e+00
-3.444428205490112305e+00
5.409772872924804688e+00
-4.782145977020263672e+00
-2.082868766784667969e+01
-3.543687129020690918e+01
1.619588333666324615e+02
7.346663367748260498e+01
1.093499279022216797e+01
1.226986334323883057e+02
-1.251159083843231201e+01
-1.266092491149902344e+02
-1.061202264726161957e+02
1.034870043396949768e+01
-7.953011167049407959e+01
-5.472272777557373047e+01
1.365146684646606445e+02
-2.535242824554443359e+02
4.468040169477462769e+02
-1.099695603236556053e+03
-1.184754754066467285e+03
1.053046688318252563e+03
1.782320588707923889e+03
3.444254078269004822e+02
2.100185554027557373e+03
2.088997237801551819e+03
-1.986483309090137482e+03
-8.223580263853073120e+02
-6.536917448043823242e+02
-4.814304846525192261e+01
2.479056549072265625e+01
-5.249821662902832031e+00
8.209477424621582031e+00
9.201732635498046875e+00
-1.437834167480468750e+01
-6.511785030364990234e+00
-2.135082960128784180e+00
-1.145399475097656250e+01
-8.276251792907714844e+00
4.064329624176025391e+00
-6.959360122680664062e+00
2.010767936706542969e+00
-1.539090991020202637e+00
-2.556285095214843750e+01
-2.628404569625854492e+01
1.420810987800359726e+02
2.854256916046142578e+01
2.962118244171142578e+01
1.347951710820198059e+02
-2.584670454263687134e+00
-5.234613037109375000e+01
-5.383141839504241943e+01
-2.424631249904632568e+01
-9.196080052852630615e+01
-8.640709424018859863e+01
1.299070793986320496e+02
-3.384401741027832031e+02
8.342911397218704224e+02
-1.785334961116313934e+03
-1.287967751741409302e+03
1.199543369293212891e+03
9.308856861591339111e+02
3.860992731750011444e+02
2.658810294091701508e+03
2.534162933170795441e+03
-1.497391366451978683e+03
-8.631524443626403809e+01
-3.512832757234573364e+02
-7.506485792994499207e+02
2.469137573242187500e+01
-6.887485027313232422e+00
1.127659511566162109e+01
9.127516746520996094e+00
-1.238083648681640625e+01
-3.566812753677368164e+00
-5.554389953613281250e+00
-1.232320690155029297e+01
-7.591022968292236328e+00
-5.803168416023254395e-01
-1.176983261108398438e+01
3.567317008972167969e+00
1.323645830154418945e+00
-3.611093902587890625e+01
-7.380697727203369141e-01
9.556423312425613403e+01
4.609389781951904297e+00
5.826513624191284180e+01
1.432703593969345093e+02
1.571402071416378021e+01
1.238528513908386230e+01
2.302490162849426270e+01
-6.602010050415992737e+01
-7.483785915374755859e+01
-1.000502648353576660e+02
9.093253052234649658e+01
-4.032925605773925781e+02
1.093372926235198975e+03
-2.321949233323335648e+03
-1.206264571666717529e+03
1.128926119446754456e+03
1.304444511532783508e+02
3.837237402796745300e+02
2.716570101022720337e+03
2.501289570450782776e+03
-8.837700538635253906e+02
5.030646924972534180e+02
1.512201011180877686e+00
-1.353751498639583588e+03
2.435902595520019531e+01
-8.220811843872070312e+00
1.323000907897949219e+01
7.872705936431884766e+00
-9.107680320739746094e+00
-5.229802131652832031e-01
-5.351328849792480469e+00
-1.194929695129394531e+01
-9.724624633789062500e+00
-1.023942530155181885e-01
-1.188823413848876953e+01
1.774539947509765625e+00
1.301335692405700684e+00
-4.837191772460937500e+01
3.061137950420379639e+01
4.625717020034790039e+01
-2.626220703125000000e+00
6.977591776847839355e+01
1.244160837531089783e+02
3.229714319109916687e+01
8.262000417709350586e+01
8.859726762771606445e+01
-8.221992295980453491e+01
-3.338598895072937012e+01
-9.031559538841247559e+01
5.160209143161773682e+01
-4.152177906036376953e+02
1.109509605407714844e+03
-2.640000298202037811e+03
-1.086853664040565491e+03
7.615367710590362549e+02
-5.600947022438049316e+02
2.154024666994810104e+02
2.328541540741920471e+03
2.123011923342943192e+03
-3.464224632978439331e+02
8.915743354558944702e+02
5.404644902944564819e+02
-1.542939113229513168e+03
2.368743896484375000e+01
-7.531609535217285156e+00
1.437740898132324219e+01
6.592142581939697266e+00
-8.815340042114257812e+00
5.054008364677429199e-01
5.307521224021911621e-01
-8.278673171997070312e+00
-1.421241378784179688e+01
3.465182542800903320e+00
-1.101844692230224609e+01
-3.763640642166137695e+00
-2.926740050315856934e-01
-5.731168937683105469e+01
6.576435744762420654e+01
-1.450053739547729492e+01
-1.927770328521728516e+01
9.578241109848022461e+01
9.642653179168701172e+01
3.329334820806980133e+01
1.174633436799049377e+02
1.396494781970977783e+02
-4.178095647692680359e+01
-1.462542104721069336e+01
-6.028439581394195557e+01
2.869911020994186401e+01
-3.442245216369628906e+02
8.848693966865539551e+02
-2.589589868083596230e+03
-8.811000223159790039e+02
3.095653980672359467e+02
-1.012293971061706543e+03
-8.903132846951484680e+01
1.495473618328571320e+03
1.461659036755561829e+03
1.180788143277168274e+02
9.618888152837753296e+02
1.084680296897888184e+03
-1.433427088558673859e+03
2.211435508728027344e+01
-4.630865573883056641e+00
1.354612731933593750e+01
4.694206714630126953e+00
-7.479940891265869141e+00
-3.316064834594726562e+00
-1.229424327611923218e-01
-3.980947256088256836e+00
-2.753281831741333008e+00
2.167645215988159180e+00
-1.140289783477783203e+01
-6.956174373626708984e+00
4.664686203002929688e+00
-6.290679168701171875e+01
9.400507557392120361e+01
-7.913848400115966797e+01
-2.683874845504760742e+01
1.164549990892410278e+02
7.245392209291458130e+01
8.788629829883575439e+00
1.402021132707595825e+02
1.565013298988342285e+02
-8.515616416931152344e+00
1.289520549774169922e+01
-3.056366127729415894e+01
2.307041525840759277e+00
-1.872336711883544922e+02
4.234729485511779785e+02
-2.170343317031860352e+03
-6.479709656238555908e+02
-2.278204838037490845e+02
-1.138810983180999756e+03
-3.030325236916542053e+02
4.746446225047111511e+02
2.486273131370544434e+02
5.696082980930805206e+02
9.633697247505187988e+02
1.376027526497840881e+03
-1.192996268153190613e+03
2.013669967651367188e+01
-5.680662393569946289e-01
8.751851081848144531e+00
6.378783702850341797e+00
-3.246474981307983398e+00
1.755212783813476562e+00
2.670938730239868164e+00
-3.271634340286254883e+00
4.393805503845214844e+00
-3.934593200683593750e+00
-9.921728134155273438e+00
-4.955879211425781250e+00
8.000659346580505371e-01
-6.711253547668457031e+01
9.302889740467071533e+01
-1.158177520036697388e+02
-2.838865041732788086e+01
1.041741610765457153e+02
5.692207300662994385e+01
1.071801565587520599e+01
1.241822933554649353e+02
1.246685092449188232e+02
-1.286199453473091125e+01
1.230115938186645508e+01
-1.289173948764801025e+01
-4.128547534346580505e+01
7.002182197570800781e+01
-2.825912531018257141e+02
-1.452226772740483284e+03
-5.245638531148433685e+02
-7.899717556834220886e+02
-1.203833479881286621e+03
-4.946437765955924988e+02
-4.194869398176670074e+02
-1.004788737773895264e+03
9.104905836582183838e+02
8.343907661437988281e+02
1.330991121470928192e+03
-7.616181361377239227e+02
1.878026771545410156e+01
1.705211520195007324e+00
6.240608692169189453e+00
9.319055557250976562e+00
-4.567663192749023438e+00
2.477548122406005859e+00
1.326800227165222168e+00
7.246364951133728027e-01
7.051471233367919922e+00
-3.452116727828979492e+00
-5.899585247039794922e+00
-1.373207688331604004e+00
-7.464197278022766113e-01
-6.591695404052734375e+01
7.205925798416137695e+01
-1.446650297045707703e+02
-5.671816873550415039e+01
5.926928630471229553e+01
2.547116249799728394e+01
-4.795635908842086792e+00
1.026379801630973816e+02
1.067062882184982300e+02
-2.331626474857330322e+01
2.862347888946533203e+01
3.736170274019241333e+01
-2.897902470827102661e+01
3.317424020767211914e+02
-9.680511162355542183e+02
-6.635064271092414856e+02
-3.963087409734725952e+02
-1.174436689257621765e+03
-1.073314753770828247e+03
-5.005409724265336990e+02
-1.106536174774169922e+03
-1.860463675737380981e+03
9.426547746062278748e+02
6.948113675415515900e+02
1.059079307138919830e+03
-3.460061529874801636e+02
1.814761734008789062e+01
3.726075649261474609e+00
3.272086620330810547e+00
5.159143924713134766e+00
-1.414125800132751465e+00
3.589943647384643555e+00
-1.518614053726196289e+00
1.237302303314208984e+00
8.835585594177246094e+00
4.393149852752685547e+00
-8.941000938415527344e+00
-6.790676712989807129e-01
1.219080448150634766e+00
-5.748472404479980469e+01
4.929109251499176025e+01
-1.333391311764717102e+02
-6.031066644191741943e+01
3.146598166227340698e+01
7.782830715179443359e+00
-2.473606799542903900e+01
6.072704118490219116e+01
7.109343338012695312e+01
-5.834261417388916016e+00
1.536407470703125000e+01
6.510350251197814941e+01
-2.424476018548011780e+01
5.983916797637939453e+02
-1.505154438167810440e+03
5.789476445317268372e+01
-1.773837303519248962e+02
-1.480783220022916794e+03
-8.984178461432456970e+02
-3.513207874894142151e+02
-1.448893585562705994e+03
-2.274528158307075500e+03
6.823905277848243713e+02
6.428580227494239807e+02
6.418183714151382446e+02
-6.448039649426937103e+01
1.764875030517578125e+01
3.587379217147827148e+00
-6.706725358963012695e-01
4.798490047454833984e+00
2.848150253295898438e+00
4.421411037445068359e+00
-6.838868618011474609e+00
5.837425231933593750e+00
5.489521503448486328e+00
1.730130672454833984e+00
-9.125686645507812500e+00
-5.734254121780395508e-01
-1.332138478755950928e-01
-4.511820030212402344e+01
1.452224549651145935e+01
-1.080368036478757858e+02
-5.543641927838325500e+01
-4.079194337129592896e+00
1.105664712190628052e+01
-2.381501215696334839e+01
1.836998280882835388e+01
-3.303525698184967041e+01
3.633481311798095703e+01
4.349380123615264893e+01
5.804764872789382935e+01
-2.417231515049934387e+01
8.340792369842529297e+02
-1.739338832691311836e+03
5.771728377938270569e+02
-6.705201673507690430e+01
-1.528504041433334351e+03
-7.423814489841461182e+02
-1.491871869862079620e+02
-1.590046748429536819e+03
-2.177277774333953857e+03
5.604836677014827728e+02
5.336609921455383301e+02
2.519645887613296509e+02
1.845776349660009146e+02
1.654938125610351562e+01
3.007341623306274414e-01
1.267091631889343262e-01
3.896303176879882812e+00
2.671543061733245850e-01
3.964737415313720703e+00
-1.096983790397644043e+00
-5.520588755607604980e-01
-1.809693217277526855e+00
-4.229252338409423828e+00
-1.318100452423095703e+01
-8.326719999313354492e-01
-7.324911594390869141e+00
-2.020671367645263672e+01
-4.559594567865133286e+01
-7.597104635834693909e+01
-5.893758791685104370e+01
-3.738182568550109863e+01
-1.660089266300201416e+01
-3.345203238725662231e+01
-6.539749264717102051e+00
-9.022110652923583984e+01
5.841330790519714355e+01
5.717317351698875427e+01
4.174979227781295776e+01
-8.347746819257736206e+00
9.551244506835937500e+02
-1.599940860599279404e+03
8.916284146457910538e+02
8.034009978175163269e+01
-1.141954012632369995e+03
-4.886880259215831757e+02
-1.708849251270294189e+01
-1.330310813397169113e+03
-1.731661925077438354e+03
3.590220515727996826e+02
6.765705280303955078e+02
-1.575861615091562271e+02
2.910877936109900475e+02
1.596340370178222656e+01
-1.262912988662719727e+00
-3.769882440567016602e+00
-4.032188415527343750e+00
-6.724362373352050781e+00
-1.077112674713134766e+00
-9.240846037864685059e-01
1.878816962242126465e+00
2.418060302734375000e+00
-2.023812770843505859e+00
-4.494233608245849609e+00
4.656161785125732422e+00
1.624954104423522949e+00
-4.566297531127929688e+00
-7.720530594885349274e+01
-5.468705023825168610e+01
-4.967915305495262146e+01
-4.551593539118766785e+01
-1.615858829021453857e+01
-1.761372256278991699e+01
-2.423184153437614441e+01
-9.595365035533905029e+01
5.411592435836791992e+01
7.040288031101226807e+01
3.412412482500076294e+01
1.865195505321025848e+00
9.657240304946899414e+02
-1.092880701325833797e+03
1.198435287356376648e+03
3.513900952339172363e+02
-4.816444613933563232e+02
-2.331446244716644287e+02
1.684049819856882095e+02
-1.021397605597972870e+03
-1.156658270120620728e+03
-4.567938995361328125e+01
6.458466310203075409e+02
-6.097335387468338013e+02
-2.548196781054139137e+01
1.600601005554199219e+01
1.360257029533386230e+00
7.002477347850799561e-02
4.306539595127105713e-01
-5.126296520233154297e+00
-8.188336491584777832e-01
-1.127029776573181152e+00
-1.297209560871124268e-01
3.174674749374389648e+00
4.001978397369384766e+00
-9.922762870788574219e+00
1.541433691978454590e+00
-1.648776829242706299e-01
1.987826061248779297e+01
-9.841979128867387772e+01
-4.744583094120025635e+01
-3.153930103778839111e+01
-6.632007950544357300e+01
-2.135343527793884277e+01
-7.895216286182403564e+00
-3.500656595826148987e+01
-9.726113200187683105e+01
3.129259920120239258e+01
7.680474087595939636e+01
1.916210508346557617e+01
-4.760146049782633781e+00
8.961718273162841797e+02
-2.659881157279014587e+02
1.270388408601284027e+03
4.028219825029373169e+02
6.505217078328132629e+01
-2.370521833896636963e+02
3.258166248798370361e+02
-6.416147004961967468e+02
-3.845333358049392700e+02
-6.381228127479553223e+02
6.347856424450874329e+02
-6.420060481131076813e+02
-1.584846923574805260e+02
1.574081325531005859e+01
-1.061490252614021301e-01
-1.160113930702209473e+00
2.287531375885009766e+00
-6.431843757629394531e+00
3.062263727188110352e+00
-2.208184242248535156e+00
-1.874636530876159668e+00
-5.119722843170166016e+00
6.740368366241455078e+00
-1.713463962078094482e-01
-2.935305237770080566e-01
2.956262230873107910e-01
4.037508964538574219e+01
-9.888907456398010254e+01
-4.545522628724575043e+01
-4.510154214501380920e+01
-6.819576814770698547e+01
-2.752400270104408264e+01
-5.960208535194396973e+00
-5.766632089018821716e+01
-7.971227848529815674e+01
4.371136832237243652e+01
6.659079200029373169e+01
1.584431900084018707e+01
1.661089848726987839e+00
7.426429309844970703e+02
7.697117876708507538e+02
1.342796986460685730e+03
4.562315832376480103e+02
6.366958045959472656e+02
-3.537995558977127075e+02
3.833973975777626038e+02
-1.853928124606609344e+02
5.059468724727630615e+02
-1.238907779216766357e+03
2.380021166205406189e+02
-5.310128083825111389e+02
-2.521683502327650785e+02
1.885675239562988281e+01
-8.213049888610839844e+00
-2.314535140991210938e+00
1.489944458007812500e+00
-6.944582462310791016e+00
7.454724907875061035e-01
-4.715319156646728516e+00
-1.283953189849853516e+00
-5.434754848480224609e+00
4.158441543579101562e+00
-5.915961861610412598e-01
2.254163503646850586e+00
-1.815968155860900879e+00
4.313007640838623047e+01
-8.195773857086896896e+01
-2.360208937525749207e+01
-3.284109467267990112e+01
-2.646333539485931396e+01
-4.131617724895477295e+00
-2.651426255702972412e+00
-2.964992454648017883e+01
-6.852616596221923828e+01
3.614085435867309570e+00
1.155207037031650543e+02
-7.198662370443344116e+00
-7.745297590270638466e+00
4.861204414367675781e+02
1.805079381644725800e+03
1.377017362609505653e+03
5.825839624702930450e+02
1.045915131866931915e+03
-3.459474255740642548e+02
3.718913051486015320e+02
1.165008640587329865e+02
9.543283088207244873e+02
-1.566078972816467285e+03
-1.663349046707153320e+02
-4.341075422018766403e+02
-3.005900966078042984e+02
1.819665336608886719e+01
-7.059887409210205078e+00
-2.982295751571655273e+00
1.773058533668518066e+00
-5.810444831848144531e+00
2.446720838546752930e+00
-2.986932277679443359e+00
3.080641329288482666e-01
-2.175655841827392578e+00
5.689969062805175781e+00
1.473507285118103027e-01
4.224426269531250000e+00
-8.262911811470985413e-03
4.728506469726562500e+01
-3.281267260015010834e+01
3.421891824901103973e+01
-1.489834040403366089e+00
2.159800910949707031e+01
-3.400696724653244019e+00
5.425522446632385254e+00
-3.979384091496467590e+01
-5.264506268501281738e+01
-3.873047280311584473e+01
9.851127767562866211e+01
-3.409647162258625031e+01
-6.153771629929542542e+01
2.265120172500610352e+02
2.414612406946718693e+03
1.391654039680957794e+03
7.498335748910903931e+02
1.230801594376564026e+03
-3.240864027738571167e+02
3.189004336595535278e+02
3.332271255254745483e+02
1.126905604124069214e+03
-1.606141881704330444e+03
-5.150946250259876251e+02
-2.644485380053520203e+02
-3.187203808501362801e+02
2.160821723937988281e+01
-8.925721168518066406e+00
-6.287473678588867188e+00
-8.333582878112792969e-01
-7.967460632324218750e+00
3.073908388614654541e-01
-4.251177787780761719e+00
-2.063007831573486328e+00
-6.033837795257568359e+00
2.861528635025024414e+00
-4.070019721984863281e+00
2.070751637220382690e-01
-2.486809015274047852e+00
5.435204219818115234e+01
4.189709075540304184e+01
4.907374507188796997e+01
-1.425775909423828125e+01
2.868183481693267822e+01
-4.403049111366271973e+01
1.647400569915771484e+01
-3.614005866646766663e+01
-2.524035954475402832e+01
-7.906524991989135742e+01
1.045766349732875824e+02
2.754259526729583740e+00
-3.609208061359822750e+01
-1.047804927825927734e+02
2.486965221077203751e+03
1.275364494532346725e+03
9.120527855753898621e+02
1.330812530070543289e+03
-1.361430822014808655e+02
3.561014299392700195e+02
6.552968908548355103e+02
1.296718068242073059e+03
-1.295326776027679443e+03
-8.247253916859626770e+02
-1.049802108258008957e+02
-2.109113609045743942e+02
2.211908531188964844e+01
-8.923233985900878906e+00
-7.021495342254638672e+00
-6.097095489501953125e+00
-8.027217864990234375e+00
-1.869572997093200684e+00
-4.034779071807861328e+00
-6.372008800506591797e+00
-6.821224212646484375e+00
3.443880319595336914e+00
-3.964811086654663086e+00
2.645529270172119141e+00
-2.117137193679809570e+00
5.288483047485351562e+01
1.150185852348804474e+02
8.346492975950241089e+01
1.342393815517425537e+00
6.202585315704345703e+01
-6.750544318556785583e+01
2.175923866033554077e+01
6.638510823249816895e-01
1.587786555290222168e+01
-1.169403862953186035e+02
4.370854490995407104e+01
-4.758413717150688171e+00
-3.395840857550501823e+01
-3.775384063720703125e+02
2.002816070005297661e+03
8.494871131777763367e+02
1.120815490007400513e+03
1.174833602428436279e+03
6.705466923117637634e+01
4.046054823994636536e+02
9.795232920348644257e+02
1.382478741526603699e+03
-8.173037803173065186e+02
-1.187589592635631561e+03
5.488907819986343384e+01
-1.987533737532794476e+01
1.930007553100585938e+01
-7.562036037445068359e+00
2.991911768913269043e-01
-2.004665851593017578e+00
-4.106305599212646484e+00
3.116951704025268555e+00
2.329941511154174805e+00
-1.355452418327331543e+00
-8.143531799316406250e+00
-6.593676090240478516e+00
1.229605865478515625e+01
-1.586673140525817871e+00
-5.217729568481445312e+00
3.927066612243652344e+01
1.748284398317337036e+02
9.649098515510559082e+01
2.889854454994201660e+01
7.349121439456939697e+01
-5.926990646123886108e+01
1.496002924442291260e+01
1.232364773750305176e-02
2.171014356613159180e+01
-1.290248174667358398e+02
1.374413043260574341e+01
-1.692606893181800842e+01
-2.516189909167587757e+01
-5.570757007598876953e+02
1.073145473927259445e+03
5.769302909076213837e+01
1.020843936294317245e+03
7.341947118043899536e+02
2.334381512701511383e+02
3.866410539746284485e+02
1.079244709819555283e+03
1.411647356986999512e+03
-1.119898004531860352e+02
-1.592102551460266113e+03
3.280776405781507492e+02
2.444252039864659309e+02
2.143711853027343750e+01
1.812348961830139160e+00
8.536897659301757812e+00
2.194982051849365234e+00
-1.036446690559387207e+00
-2.303687095642089844e+00
-1.363170385360717773e+00
-4.706894874572753906e+00
-1.254029035568237305e+00
-1.787217855453491211e+00
6.235807895660400391e+00
-2.479633808135986328e+00
-8.595744132995605469e+00
2.845704078674316406e+01
1.835940852165222168e+02
1.026448109745979309e+02
6.458305460214614868e+01
7.842888957262039185e+01
-3.877739700675010681e+01
2.632887011766433716e+01
5.268220186233520508e+00
3.792777037620544434e+01
-1.261857724189758301e+02
3.101822614669799805e+00
2.891256719827651978e+00
-3.761713995784521103e+01
-7.466018991470336914e+02
-1.971043135002255440e+02
-8.202774713039398193e+02
7.445086531639099121e+02
2.708663411140441895e+02
5.682303304672241211e+02
3.142910459041595459e+02
1.160226337611675262e+03
1.274550746440887451e+03
4.962276360988616943e+02
-1.388541858285665512e+03
4.584979215264320374e+02
4.351324025653302670e+02
2.411952209472656250e+01
1.053598594665527344e+01
4.768639087677001953e+00
6.504698395729064941e-01
-2.867330789566040039e+00
-7.908659458160400391e+00
-9.029573798179626465e-01
-5.334774017333984375e+00
-3.518904924392700195e+00
-3.431063413619995117e+00
6.000243186950683594e+00
6.184718608856201172e+00
-2.912707924842834473e-01
3.151437759399414062e+00
1.461082404851913452e+02
8.796222460269927979e+01
8.263257122039794922e+01
9.633032381534576416e+01
-3.353829115629196167e+00
4.402417540550231934e+01
5.667120385169982910e+01
7.643946158885955811e+01
-7.924430942535400391e+01
-1.717091017961502075e+01
1.610378921031951904e-01
-2.621584010124206543e+01
-8.646251869201660156e+02
-1.374903639256954193e+03
-1.343618883073329926e+03
5.338237574100494385e+02
1.492641270160675049e+00
9.761166093349456787e+02
2.086939325332641602e+02
9.789030475616455078e+02
1.097792528629302979e+03
9.945295305252075195e+02
-1.047272072166204453e+03
3.859473916441202164e+02
3.064194009825587273e+02
2.397174644470214844e+01
9.809680938720703125e+00
6.987474918365478516e+00
3.334600925445556641e+00
2.664392948150634766e+00
-5.650684356689453125e+00
-2.084806680679321289e+00
3.660032510757446289e+00
-2.520533800125122070e+00
-1.070020484924316406e+01
-1.323837876319885254e+00
-6.305831670761108398e-01
-4.361028194427490234e+00
-1.084117698669433594e+01
8.932924246788024902e+01
3.717606014013290405e+01
1.046715607047080994e+02
9.379960292577743530e+01
1.015452712774276733e+01
5.011128109693527222e+01
9.090452969074249268e+01
1.001591439247131348e+02
-4.225323891639709473e+01
-6.037504208087921143e+01
1.047303129732608795e+01
-4.147671163082122803e+00
-8.103564300537109375e+02
-2.078499578475952148e+03
-1.620072062253952026e+03
1.167983981370925903e+02
-3.485680555105209351e+02
1.099923424035310745e+03
8.545295858383178711e+01
5.696209017336368561e+02
8.377736021280288696e+02
1.325201716661453247e+03
-4.414376173019409180e+02
4.829534471631050110e+02
3.487136323209851980e+02
2.325793838500976562e+01
1.042713451385498047e+01
4.913228511810302734e+00
4.728490352630615234e+00
7.743350863456726074e-01
-3.782396554946899414e+00
-3.993918418884277344e+00
-2.575243949890136719e+00
-2.397825717926025391e+00
-1.135106182098388672e+01
-3.637458324432373047e+00
-4.362760484218597412e-02
-4.319986343383789062e+00
-2.083691787719726562e+01
2.547274374961853027e+01
-3.563589859008789062e+01
7.849351298809051514e+01
6.500914359092712402e+01
1.654115965962409973e+01
4.557702553272247314e+01
9.458075141906738281e+01
1.134301315546035767e+02
-1.934041380882263184e+01
-9.231474119424819946e+01
4.077781379222869873e+01
6.295032143592834473e+00
-6.223306446075439453e+02
-2.258504284143447876e+03
-1.582889916777610779e+03
-2.911456597447395325e+02
-5.467630319595336914e+02
1.059478424459695816e+03
-2.781421643495559692e+01
2.959570302963256836e+02
5.513275420665740967e+02
1.285710592269897461e+03
-1.528761573433876038e+02
4.856881694644689560e+02
4.927399154454469681e+02
2.194243049621582031e+01
1.043302917480468750e+01
6.156533241271972656e+00
8.367803573608398438e+00
1.584881663322448730e+00
4.666706025600433350e-01
3.235579252243041992e+00
-2.011893987655639648e+00
1.272775769233703613e+00
-8.915641784667968750e+00
8.518525958061218262e-01
4.830475807189941406e+00
-8.147334098815917969e+00
-4.208087921142578125e+01
-4.974576950073242188e+01
-8.204159188270568848e+01
4.997578507661819458e+01
4.047246056795120239e+01
4.041914331912994385e+01
4.072896128892898560e+01
9.293707656860351562e+01
1.061667869091033936e+02
-9.255891561508178711e+00
-4.118510112166404724e+01
4.012284384667873383e+01
8.131663203239440918e-01
-3.862325305938720703e+02
-1.917606662631034851e+03
-1.284287616729736328e+03
-6.976565129756927490e+02
-6.878705420494079590e+02
8.872918974757194519e+02
-3.185275795459747314e+02
-1.641808135509490967e+02
8.041362357139587402e+01
9.852631280422210693e+02
-4.650633287429809570e+01
2.530401481389999390e+02
7.298762336671352386e+02
1.991597938537597656e+01
2.090223312377929688e+00
3.899898052215576172e+00
5.324627399444580078e+00
5.540515422821044922e+00
2.003174304962158203e+00
4.644436359405517578e+00
7.352870941162109375e+00
4.449300765991210938e+00
-3.072967529296875000e+00
-2.118575096130371094e+00
-2.625160694122314453e+00
-6.025671958923339844e+00
-5.070162582397460938e+01
-8.001149427890777588e+01
-8.027045488357543945e+01
4.790352606773376465e+01
4.561839663982391357e+01
6.891670724749565125e+01
3.316609597206115723e+01
7.068749284744262695e+01
1.200732442140579224e+02
1.297842645645141602e+01
-2.467249655723571777e+01
3.483277925848960876e+01
-9.661744356155395508e+00
-1.201984615325927734e+02
-1.182865089416503906e+03
-7.523969994187355042e+02
-9.392943643331527710e+02
-8.804233602881431580e+02
6.466338758468627930e+02
-5.214824949502944946e+02
-7.164047974348068237e+02
-4.141722860336303711e+02
6.255848460197448730e+02
2.029081621766090393e+01
-8.904643803834915161e-01
7.102267745733261108e+02
1.890960311889648438e+01
1.886754870414733887e+00
7.260243892669677734e-01
1.046790885925292969e+01
5.966486454010009766e+00
-9.123527407646179199e-01
5.230535507202148438e+00
7.785498142242431641e+00
7.230265140533447266e+00
-4.215749263763427734e+00
-3.146193265914916992e+00
3.944684505462646484e+00
-1.765124320983886719e+00
-4.095900917053222656e+01
-6.664755725860595703e+01
-6.573927354812622070e+01
2.462665653228759766e+01
2.259696215391159058e+01
6.676343518495559692e+01
2.187967014312744141e+01
3.675088453292846680e+01
1.081817648410797119e+02
3.441669559478759766e+01
3.091030448675155640e+00
4.839082439243793488e+01
1.425201225280761719e+01
5.729577255249023438e+01
-4.625607425868511200e+02
-1.337054235339164734e+02
-1.089243888378143311e+03
-9.224509822130203247e+02
4.728357470333576202e+02
-6.045675007104873657e+02
-1.022054292201995850e+03
-7.988414152860641479e+02
6.104309499263763428e+02
1.514533533453941345e+02
-3.526871650815010071e+02
6.376146876811981201e+02
1.859558296203613281e+01
2.817389726638793945e+00
-2.109522581100463867e+00
7.818637847900390625e+00
2.959735155105590820e+00
-2.765147686004638672e-01
4.675125122070312500e+00
7.994599819183349609e+00
8.918350219726562500e+00
-1.023256969451904297e+01
-2.306392490863800049e-01
6.829216480255126953e+00
-4.953159332275390625e+00
-2.951350021362304688e+01
-5.428777897357940674e+01
-5.902267789840698242e+01
1.711789464950561523e+01
1.736215114593505859e+01
8.274265328049659729e+01
1.911799478530883789e+01
4.287330174446105957e+01
8.353273117542266846e+01
1.759027481079101562e+01
-2.551350682973861694e+01
4.562297385931015015e+01
4.960395836830139160e+01
1.954644546508789062e+02
1.784339530467987061e+02
4.585387721061706543e+02
-8.769143516421318054e+02
-8.241649532318115234e+02
1.451157857179641724e+02
-6.030234150290489197e+02
-1.118133039474487305e+03
-1.173245165824890137e+03
6.856939601302146912e+02
1.683383916616439819e+02
-7.004678901135921478e+02
6.134710609316825867e+02
1.842641448974609375e+01
1.210544586181640625e+00
-3.430821180343627930e+00
5.597114086151123047e+00
1.868777155876159668e+00
-1.738568305969238281e+00
-1.181751728057861328e+00
3.985582351684570312e+00
9.372545242309570312e+00
-4.311812400817871094e+00
1.144151329994201660e+00
5.425453186035156250e+00
-5.767566680908203125e+00
-2.107729530334472656e+01
-4.115110647678375244e+01
-4.557211041450500488e+01
-1.302511739730834961e+01
6.136390686035156250e+00
7.707487463951110840e+01
-1.740485143661499023e+01
7.621580600738525391e+00
4.703913545608520508e+01
1.089394092559814453e+00
-5.091141054034233093e+01
1.458220386505126953e+01
8.277642202377319336e+01
3.064342212677001953e+02
6.648795167803764343e+02
8.261474398374557495e+02
-6.008639543056488037e+02
-6.904000968933105469e+02
-2.559192477464675903e+02
-5.653137822747230530e+02
-1.112008017659187317e+03
-1.435218275427818298e+03
6.208004300594329834e+02
3.375138384103775024e+01
-8.976202781796455383e+02
5.129065854549407959e+02
1.869249916076660156e+01
2.923905611038208008e+00
-2.616249799728393555e+00
8.859366416931152344e+00
6.945878982543945312e+00
4.978245258331298828e+00
1.878014564514160156e+00
4.358666896820068359e+00
1.043213653564453125e+01
-6.711970329284667969e+00
-2.722770929336547852e+00
7.135911941528320312e+00
-2.930768966674804688e+00
-1.516326522827148438e+01
-7.642061859369277954e+00
-3.045808726549148560e+01
-2.689341998100280762e+01
-2.973573625087738037e+01
6.842755943536758423e+01
-1.776751077175140381e+01
-2.006751084327697754e+01
2.718135213851928711e+01
1.526143622398376465e+01
-6.366557985544204712e+01
-7.633032798767089844e+00
6.113360905647277832e+01
2.833245868682861328e+02
7.034683240652084351e+02
9.042591513395309448e+02
-4.503362007141113281e+02
-5.975102609544992447e+02
-6.993391991853713989e+02
-4.730548012256622314e+02
-9.799370490312576294e+02
-1.566806333914399147e+03
5.590052487254142761e+02
2.022932963669300079e+02
-9.131916507035493851e+02
2.285060818195343018e+02
1.924418067932128906e+01
3.204663991928100586e+00
2.495797634124755859e+00
7.154950141906738281e+00
4.188222885131835938e+00
6.142234802246093750e+00
1.182154417037963867e+00
4.488150119781494141e+00
9.735288619995117188e+00
-6.087363719940185547e+00
-1.855229139328002930e+00
3.421385288238525391e+00
-3.297950029373168945e+00
-1.657129669189453125e+01
-1.220309931039810181e+01
-2.368033921718597412e+01
-4.940235257148742676e+01
-4.152238643169403076e+01
6.766431188583374023e+01
-2.094326019287109375e+01
-2.901155090332031250e+01
3.834328651428222656e+00
7.807750612497329712e+01
-3.892516747117042542e+01
-3.131785368919372559e+01
5.832901453971862793e+01
1.741827583312988281e+02
5.157074482142925262e+02
8.527122263312339783e+02
-1.976452591419219971e+02
-3.987522662281990051e+02
-9.668332195580005646e+02
-3.000972518920898438e+02
-7.297257666587829590e+02
-1.542268526136875153e+03
5.295803236961364746e+02
5.141571930050849915e+02
-7.479517903327941895e+02
-1.765859515666961670e+02
1.863578796386718750e+01
2.028675079345703125e+00
-2.799603939056396484e+00
9.367933273315429688e+00
3.484112501144409180e+00
1.136561203002929688e+01
5.311931610107421875e+00
5.715129375457763672e+00
8.611484527587890625e+00
-7.231184482574462891e+00
-8.756011962890625000e+00
7.168205261230468750e+00
3.897124290466308594e+00
-1.384259986877441406e+01
-6.345995366573333740e-01
5.279880344867706299e+00
-1.939005517959594727e+01
-3.774375015497207642e+01
3.005294370651245117e+01
-2.363672834634780884e+01
-4.083121001720428467e+01
-4.140021282434463501e+01
9.377334845066070557e+01
-1.892794162034988403e+01
-5.107357442378997803e+01
6.399713206291198730e+01
8.080977249145507812e+01
2.927101591825485229e+02
8.331897444725036621e+02
-4.554147672653198242e+01
-2.430526246130466461e+02
-1.182013302803039551e+03
-2.318483626842498779e+02
-5.993125109672546387e+02
-1.449712184101343155e+03
3.899887072443962097e+02
9.886705179810523987e+02
-4.885561513304710388e+02
-5.966576822400093079e+02
1.744173240661621094e+01
-4.941698014736175537e-01
-9.700726866722106934e-01
3.475342035293579102e+00
4.553877353668212891e+00
7.872577190399169922e+00
1.107213139533996582e+00
3.679464578628540039e+00
8.279963493347167969e+00
-5.468973159790039062e+00
-6.920371532440185547e+00
1.315978050231933594e+00
5.365489482879638672e+00
-8.898008346557617188e+00
1.805778038501739502e+01
3.216190183162689209e+01
-1.752684354782104492e+00
-2.577180741727352142e+01
8.715489149093627930e+00
-2.736452448368072510e+01
-5.280947983264923096e+01
-6.527112631499767303e+01
6.409982883930206299e+01
-6.509554147720336914e+00
-6.668411973118782043e+01
4.887474155426025391e+01
1.807146930694580078e+01
5.366687351465225220e+01
6.809939454793930054e+02
1.010841119289398193e+02
-7.522000509500503540e+01
-1.083019610106945038e+03
-1.664469751715660095e+02
-3.766252657175064087e+02
-1.184564687430858612e+03
5.164980053901672363e+01
1.125358648836612701e+03
-1.007713564634323120e+02
-8.697262490987777710e+02
1.700152206420898438e+01
1.861228823661804199e+00
-3.579164981842041016e+00
2.681590795516967773e+00
-1.676011919975280762e+00
4.730102539062500000e+00
2.385670661926269531e+00
6.429611682891845703e+00
1.052011203765869141e+01
6.255046725273132324e-01
-1.019180488586425781e+01
-2.230366468429565430e+00
-1.132776021957397461e+00
-1.287817955017089844e+01
-1.737008005380630493e+00
3.474422949552536011e+01
-1.754773473739624023e+01
-2.801494649052619934e+01
-3.368463754653930664e+01
-2.590249460935592651e+01
-5.611595737934112549e+01
-6.827099719643592834e+01
7.312882387638092041e+01
2.681192260980606079e+01
-4.733563679456710815e+01
2.041299414634704590e+01
-2.534750938415527344e+01
-1.973559018373489380e+02
4.669364429116249084e+02
4.585977029800415039e+01
1.402938679605722427e+02
-8.072764785289764404e+02
-1.944329919815063477e+02
-1.284798432588577271e+02
-8.882617375105619431e+02
-4.697820535302162170e+02
9.145304245650768280e+02
9.718287810683250427e+01
-9.450800964683294296e+02
1.646884346008300781e+01
6.292655467987060547e-01
-5.276364326477050781e+00
2.903850317001342773e+00
-1.414408326148986816e+00
5.846347808837890625e+00
-2.911503911018371582e-01
1.520294785499572754e+00
7.988979816436767578e+00
7.868455410003662109e+00
1.339607834815979004e-01
4.956572532653808594e+00
2.678340435028076172e+00
-1.630961990356445312e+01
-8.490082442760467529e+00
2.931210446357727051e+01
-6.297493934631347656e+00
-2.510217864811420441e+01
-4.385105490684509277e+01
-1.293213486671447754e+01
-3.603215777873992920e+01
-9.023204828798770905e+01
7.402466928958892822e+01
5.900091886520385742e+01
-1.738486799597740173e+01
8.233707010746002197e+00
-4.819612216949462891e+01
-2.713243836462497711e+02
1.402555735036730766e+02
-7.073243111371994019e+01
1.313535265922546387e+02
-4.615682079792022705e+02
-1.769071530103683472e+02
2.102249794006347656e+02
-4.829822258949279785e+02
-9.916879406571388245e+02
3.381798402070999146e+02
1.841862846612930298e+02
-1.055585543811321259e+03
1.789921188354492188e+01
4.550745964050292969e+00
1.942530035972595215e+00
8.999861717224121094e+00
2.057185620069503784e-01
1.239519834518432617e+00
-2.137100696563720703e+00
-1.197538018226623535e+00
-7.418538630008697510e-02
2.522314190864562988e-01
7.958208322525024414e-01
-3.780256211757659912e-01
1.646836996078491211e+00
-1.594767856597900391e+01
-1.612375405430793762e+01
4.654987841844558716e+01
-1.589845180511474609e+01
-2.477011764049530029e+01
-5.627292108535766602e+01
-3.652582532167434692e+01
-5.024081671237945557e+01
-1.109393886327743530e+02
3.494672071933746338e+01
8.587722104787826538e+01
-2.384789156913757324e+01
-2.092955023050308228e+01
-9.070710849761962891e+01
-3.765285370945930481e+02
-3.280017796456813812e+02
-3.067642560005187988e+02
-2.080793100595474243e+01
-7.890188694000244141e+00
-1.967239491939544678e+02
5.618508017063140869e+02
7.126083272695541382e+01
-9.215687013268470764e+02
-1.246474076509475708e+02
3.521072312593460083e+02
-9.758758473694324493e+02
1.859311294555664062e+01
5.834420204162597656e+00
5.271540641784667969e+00
8.850707054138183594e+00
4.572292327880859375e+00
5.051168918609619141e+00
-3.543328762054443359e+00
-3.744326829910278320e+00
1.330502629280090332e+00
-2.452088356018066406e+00
-3.757827758789062500e+00
-4.028074264526367188e+00
1.287244081497192383e+00
-1.634306144714355469e+01
-2.295402526855468750e+01
3.305809256434440613e+01
-1.801332497596740723e+01
-2.703512935340404510e+01
-2.846258878707885742e+01
-4.838698041439056396e+01
-5.657326614856719971e+01
-9.176059626042842865e+01
6.425430417060852051e+00
5.787314176559448242e+01
-6.350468426942825317e+00
-3.716408254206180573e+01
-9.315559959411621094e+01
-3.487484946250915527e+02
-6.302586020976305008e+02
-2.884952033758163452e+02
-1.684568462371826172e+02
2.144376683235168457e+02
-1.877832881808280945e+02
7.287271593809127808e+02
4.570618845224380493e+02
-7.196411570310592651e+02
-4.839683583378791809e+02
3.662482369542121887e+02
-7.605471537709236145e+02
1.657276535034179688e+01
-1.024557828903198242e+00
2.693506240844726562e+00
3.527523756027221680e+00
2.785358667373657227e+00
2.944988727569580078e+00
3.020610332489013672e+00
5.001614093780517578e-01
4.083557605743408203e+00
1.767714023590087891e+00
-1.132340788841247559e+00
3.752064228057861328e+00
5.305148959159851074e-01
-1.876587677001953125e+01
-3.453629988431930542e+01
2.379964993149042130e+01
-3.957984739542007446e+01
-1.218193551898002625e+01
-4.991816282272338867e+00
-4.295651751756668091e+01
-3.100571238994598389e+01
-8.217807015776634216e+01
-2.151291662454605103e+01
2.358809477090835571e+01
-2.800050657987594604e+01
-5.089299246668815613e+01
-2.118889617919921875e+01
-1.082300238609313965e+02
-7.020563426911830902e+02
-5.175648069381713867e+01
-1.131392313092947006e+02
4.264989969730377197e+02
-1.235891177654266357e+02
6.725897554159164429e+02
6.629168728142976761e+02
-6.406934661269187927e+02
-7.439615710973739624e+02
1.731697545945644379e+02
-4.925832885652780533e+02
1.591392993927001953e+01
-4.646062254905700684e-01
1.202760696411132812e+00
5.693633556365966797e+00
-2.042896509170532227e+00
3.778288364410400391e+00
3.123575448989868164e+00
5.010019779205322266e+00
-3.303473472595214844e+00
4.254505634307861328e+00
2.849068880081176758e+00
3.846215009689331055e+00
2.629653215408325195e+00
-2.043796825408935547e+01
-3.050533062219619751e+01
-5.905780628323554993e+00
-4.422511661052703857e+01
-2.803491200506687164e+01
2.791939735412597656e+00
-3.751314592361450195e+01
1.658867871761322021e+01
-6.241600199043750763e+01
-4.499705523252487183e+01
-3.322490727901458740e+01
-3.861484536528587341e+01
-6.604472987353801727e+01
5.197337818145751953e+01
1.197658807039260864e+00
-6.897020234689116478e+02
8.719388383626937866e+01
1.054710370302200317e+01
5.030812619626522064e+02
3.678864812850952148e+01
5.041686202287673950e+02
8.038285043239593506e+02
-4.846176944971084595e+02
-8.849025369882583618e+02
1.254126049280166626e+02
-2.123899265527725220e+02
1.547803115844726562e+01
-1.882831454277038574e+00
1.434928774833679199e+00
1.819921016693115234e+00
-1.488196969032287598e+00
1.459450006484985352e+00
-4.836221694946289062e+00
-3.562110662460327148e+00
-5.552888393402099609e+00
-3.778082132339477539e+00
1.829428076744079590e+00
-1.436498999595642090e+00
2.327425628900527954e-01
-2.491219806671142578e+01
-3.832876890897750854e+01
-4.363400996476411819e+01
-5.028178089857101440e+01
-4.868167227506637573e+01
1.432953143119812012e+01
-4.781552672386169434e+01
4.016302609443664551e+01
-1.839067441225051880e+01
9.424516141414642334e+00
-2.815942049026489258e+01
3.475112617015838623e+00
-4.677978551387786865e+01
1.156369295120239258e+02
8.749474328756332397e+01
-6.247343447208404541e+02
3.241814849376678467e+02
1.317301762700080872e+02
5.828840602636337280e+02
3.566801581382751465e+02
5.200395928025245667e+02
6.862127781808376312e+02
-2.163172259628772736e+02
-7.172206732034683228e+02
2.059709972739219666e+02
6.221884703636169434e+01
1.510765361785888672e+01
-1.483869075775146484e+00
1.065735742449760437e-01
-4.085440039634704590e-01
-2.676432132720947266e+00
3.817581892013549805e+00
-8.569903373718261719e+00
-5.139347553253173828e+00
2.001355648040771484e+00
8.681787848472595215e-01
-2.343524456024169922e+00
-1.344383358955383301e+00
-4.646245956420898438e+00
-2.039267063140869141e+01
-2.607476204633712769e+01
-4.332256942987442017e+01
-2.444179034233093262e+01
-5.406665349006652832e+01
-9.827494025230407715e+00
-4.397739386558532715e+01
2.604387807846069336e+01
-9.514250040054321289e+00
5.593541979789733887e+00
-2.458794176578521729e+01
-1.576980113983154297e+00
-4.623738314211368561e+01
1.745495357513427734e+02
1.623368987441062927e+02
-3.552831675112247467e+02
4.705503839254379272e+02
2.618812271952629089e+02
3.940045184493064880e+02
5.483231205344200134e+02
2.839070580005645752e+02
3.766096101403236389e+02
-7.466939377784729004e+01
-2.293834061026573181e+02
2.405187847018241882e+02
2.098086918592453003e+02
1.521133136749267578e+01
-3.964498639106750488e-01
-3.954603075981140137e-01
-3.498365879058837891e-01
-1.274222970008850098e+00
5.211977958679199219e+00
-2.461559534072875977e+00
2.666615009307861328e+00
-1.635841846466064453e+00
8.359912633895874023e-01
-4.605195045471191406e+00
-5.944111824035644531e+00
-7.991139411926269531e+00
-9.607129096984863281e+00
-2.615670502185821533e+00
-3.146093826740980148e+01
6.865979850292205811e+00
-2.237067520618438721e+01
4.307582646608352661e+00
-3.058943772315979004e+01
1.982046961784362793e+00
-1.669063335657119751e+01
-1.010447347164154053e+01
-1.669399166107177734e+01
-2.149452191591262817e+01
-4.173423090577125549e+01
2.119646253585815430e+02
2.158014518022537231e+02
-7.488997524976730347e+01
5.414189307689666748e+02
3.284016052335500717e+02
1.934213944673538208e+02
6.107489056587219238e+02
-1.168207981586456299e+02
1.927899831384420395e+02
4.972278130054473877e+01
2.834794337749481201e+02
4.148885348141193390e+02
2.777431756108999252e+02
1.539167499542236328e+01
5.870428085327148438e-01
-2.102188825607299805e+00
3.916371107101440430e+00
-2.620429039001464844e+00
4.553167343139648438e+00
-4.948597431182861328e+00
4.482428073883056641e+00
-4.370093345642089844e+00
-4.092312812805175781e+00
-5.569097995758056641e+00
-5.672788023948669434e-01
-3.563171625137329102e+00
-4.510302543640136719e+00
-1.581324476003646851e+01
-2.955654291808605194e+01
4.317369341850280762e+00
-1.624288290739059448e+00
2.233599847555160522e+01
-9.177304506301879883e+00
-8.257907211780548096e+00
-1.703151071071624756e+01
-2.065977266430854797e+01
-3.112888526916503906e+01
1.947607040405273438e+00
-2.575191555917263031e+01
2.167905111312866211e+02
2.270477606207132339e+02
2.463159221187233925e+02
3.704913501143455505e+02
5.180486930608749390e+02
3.037405350804328918e+01
6.029537794589996338e+02
-4.585964671373367310e+02
-1.505456358194351196e+01
9.711131060123443604e+01
6.144167914837598801e+02
3.140348856151103973e+02
2.791213817000389099e+02
1.495452690124511719e+01
-1.155151486396789551e+00
-1.617145299911499023e+00
3.594393014907836914e+00
-4.381983757019042969e+00
4.052085876464843750e+00
-7.372576236724853516e+00
4.127267360687255859e+00
1.137085437774658203e+00
5.150971889495849609e+00
-1.851006150245666504e+00
4.040893554687500000e+00
-3.304956555366516113e-01
-5.037136077880859375e-01
-1.667361044883728027e+01
-2.568823985010385513e+01
2.023015350103378296e+01
7.066008448600769043e-01
4.985431250929832458e+01
1.866947937011718750e+01
2.467488276958465576e+01
-4.140216463804244995e+01
-1.717055433988571167e+01
-8.694625139236450195e+00
8.908842504024505615e+00
-2.346518117189407349e+01
1.988622245788574219e+02
2.662122587263584137e+02
4.558292946517467499e+02
1.876099326610565186e+02
6.074183250963687897e+02
-1.117369043827056885e+02
5.188091708421707153e+02
-5.209900755286216736e+02
-1.148308646678924561e+02
4.692494460940361023e+01
6.082856157720088959e+02
8.169518542289733887e+01
2.246021743714809418e+02
1.503642654418945312e+01
-1.483744978904724121e+00
-2.160410284996032715e-01
4.121178150177001953e+00
-3.333591461181640625e+00
4.384010732173919678e-01
-3.300366401672363281e+00
-1.247072339057922363e+00
7.158425450325012207e-01
-5.712553858757019043e-01
-3.548074960708618164e+00
-1.305291175842285156e+00
-4.473960876464843750e+00
1.807600021362304688e+00
-1.204113519191741943e+01
-9.864668756723403931e+00
1.620858716964721680e+01
8.985714048147201538e+00
2.163740205764770508e+01
2.399985909461975098e+01
-5.388410270214080811e+00
-5.130737876892089844e+01
-2.278508362174034119e+01
2.082496196031570435e+01
1.205839836597442627e+01
-2.669056385755538940e+01
1.359398956298828125e+02
2.268808512389659882e+02
4.408291543126106262e+02
-5.262729150056838989e+01
4.918755743503570557e+02
-2.202826073169708252e+02
4.025698544979095459e+02
-1.678608640432357788e+02
7.323700714111328125e+01
3.843516188859939575e+02
5.413400259129703045e+02
1.742453511357307434e+02
2.618637985587120056e+02
1.501985740661621094e+01
-1.795689344406127930e+00
-2.029399394989013672e+00
4.454895496368408203e+00
-4.063962996006011963e-01
5.046585559844970703e+00
5.540580749511718750e-01
-5.616406798362731934e-01
-4.855712413787841797e+00
-3.634876906871795654e-01
2.138629674911499023e+00
-6.909090280532836914e-01
-4.564481735229492188e+00
1.366269111633300781e+00
-7.827042058110237122e+00
-4.368069469928741455e+00
8.003850340843200684e+00
4.348268389701843262e+00
3.426171928644180298e+00
2.165342974662780762e+01
-2.740857720375061035e+01
-2.892698150873184204e+01
-5.880336105823516846e+00
4.582338948547840118e+01
3.411868259310722351e+01
-2.775149214267730713e+01
6.253844928741455078e+01
2.058828117847442627e+02
3.845439722836017609e+02
-2.083839175701141357e+02
1.990023631006479263e+02
-4.925513272285461426e+02
2.160903332233428955e+02
1.449007272720336914e+01
2.497047065794467926e+02
6.173213170766830444e+02
3.026498166769742966e+02
2.089660245180130005e+02
3.228674292117357254e+02
1.522979927062988281e+01
-4.293660640716552734e+00
-3.121400356292724609e+00
1.545826554298400879e+00
-2.154799222946166992e+00
8.651499748229980469e+00
-4.620474815368652344e+00
-1.616110205650329590e+00
-8.134708404541015625e+00
-3.830411434173583984e+00
-5.251325607299804688e+00
1.258126854896545410e+00
-2.211710929870605469e+00
6.748199462890625000e-01
-1.220140457153320312e-01
8.051619589328765869e+00
-1.898273468017578125e+01
2.440930297970771790e+01
-8.556157767772674561e+00
1.482022583484649658e+01
-3.733880037069320679e+01
-3.120296537876129150e+01
6.715244621038436890e+00
4.018588961660861969e+01
2.492668211460113525e+00
-2.487627655267715454e+01
1.522136116027832031e+01
2.857054086178541183e+02
3.192245522961020470e+02
-1.759984899163246155e+02
-1.555872768163681030e+01
-6.739316556155681610e+02
5.192461180686950684e+01
5.481109154224395752e+01
4.803419573903083801e+02
6.744022134542465210e+02
9.081929064542055130e+01
1.288242575228214264e+02
4.078443273305892944e+02
1.544504261016845703e+01
-2.726573705673217773e+00
-2.220718145370483398e+00
2.958113670349121094e+00
-1.958394169807434082e+00
1.140897750854492188e+01
-5.050789833068847656e+00
3.010684967041015625e+00
-7.962930202484130859e+00
-4.827302932739257812e+00
-2.040545463562011719e+00
-3.603269338607788086e+00
-8.945085525512695312e+00
1.936565399169921875e+00
1.042239315807819366e+01
1.332326899468898773e+01
-1.101532918214797974e+01
2.830396926403045654e+01
-1.394284239411354065e+01
3.372826576232910156e+00
-2.856954610347747803e+01
-1.614471298456192017e+01
1.873373436927795410e+01
3.108445753529667854e+01
-9.487627357244491577e+00
-1.340677917003631592e+01
-2.308840560913085938e+01
2.315704285204410553e+02
1.586378775238990784e+02
-1.416165438890457153e+02
-8.007172721624374390e+01
-6.827415672540664673e+02
-1.078994187116622925e+02
4.107793384790420532e+01
6.327356989979743958e+02
5.094911586642265320e+02
-2.675345236510038376e+02
1.042451010942459106e+02
6.214223273992538452e+02
1.544887542724609375e+01
-1.460738033056259155e-01
-3.779809474945068359e-01
2.132786750793457031e+00
-1.143586993217468262e+00
2.281391620635986328e+00
-2.773735761642456055e+00
-2.523006439208984375e+00
-2.699665784835815430e+00
6.670427322387695312e-01
-2.170663028955459595e-01
1.848321855068206787e-01
-1.022066116333007812e+01
1.874475479125976562e+00
1.080964556336402893e+01
9.162439852952957153e+00
-9.481003642082214355e+00
1.696904422342777252e+01
-2.415721380710601807e+01
1.844861876964569092e+01
3.455366843938827515e+01
1.235249301791191101e+01
6.354272761940956116e+01
2.562633671611547470e+01
2.640419614315032959e+01
-1.383264064788818359e+00
-3.396361064910888672e+01
1.390699976682662964e+02
-9.168639376759529114e+00
-1.165623623132705688e+01
-1.402160657048225403e+02
-2.802096492648124695e+02
-1.600021748542785645e+02
2.884632670879364014e+02
5.088013714551925659e+02
1.672590752840042114e+02
-5.613037612996995449e+02
-1.651347652077674866e+01
7.020300444364547729e+02
1.521639728546142578e+01
-3.151828944683074951e-01
-1.752507328987121582e+00
3.950791835784912109e+00
-2.801280260086059570e+00
2.040632247924804688e+00
4.897855520248413086e-01
1.719097256660461426e+00
-3.357762336730957031e+00
1.600317001342773438e+00
3.357210874557495117e+00
5.202702522277832031e+00
-6.194162845611572266e+00
3.019552230834960938e-01
1.236008261144161224e+01
1.165099121630191803e+01
-1.046064800024032593e+01
-4.219665259122848511e+00
-4.451337254047393799e+01
1.265693783760070801e+01
8.105695366859436035e+00
6.042711317539215088e+00
5.574675416946411133e+01
-8.327727232128381729e+00
2.399420985579490662e+01
1.522336494922637939e+01
-2.906938076019287109e+01
8.332648390531539917e+01
-1.016530094146728516e+02
2.520378589630126953e+01
-2.166215125471353531e+02
1.421827042102813721e+01
-1.849623408317565918e+02
3.477857230901718140e+02
3.484966402947902679e+02
-2.357839910089969635e+02
-6.660394728481769562e+02
-1.300113090574741364e+02
6.604620300531387329e+02
1.505145645141601562e+01
-5.095516443252563477e-01
1.410372406244277954e-01
2.717794775962829590e-01
1.589366316795349121e+00
1.410624861717224121e+00
-6.002415657043457031e+00
-3.301258802413940430e+00
-6.315140247344970703e+00
7.462942600250244141e-01
-4.949890449643135071e-02
-8.324400782585144043e-01
-1.415989279747009277e+00
-1.485225677490234375e+00
1.785008841753005981e+01
8.308782935142517090e+00
9.354382753372192383e-01
-1.179986093938350677e+01
-4.813159012794494629e+01
1.565902554988861084e+01
-1.809040904045104980e+00
3.244481864571571350e+01
4.393537607789039612e+01
-7.415190428495407104e+00
2.656832450628280640e+01
3.095292854309082031e+01
-2.683827495574951172e+01
2.761920039355754852e+01
-2.292560785114765167e+02
2.777848863601684570e+01
-3.281166483163833618e+02
2.198393660485744476e+02
-1.370415067672729492e+02
2.935347551405429840e+02
2.873222594857215881e+02
-5.120860048681497574e+02
-4.591084830164909363e+02
-1.002504941243678331e+02
5.517881791591644287e+02
1.527435684204101562e+01
-1.057348132133483887e+00
6.215623617172241211e-01
3.832921504974365234e+00
-5.357085168361663818e-02
2.932711124420166016e+00
-4.932381153106689453e+00
-2.388124227523803711e+00
2.664085924625396729e-01
6.739977359771728516e+00
1.428320765495300293e+00
-1.364133715629577637e+00
-3.158591032028198242e+00
-3.573952674865722656e+00
5.974101737141609192e+00
-7.946094647049903870e+00
3.137695610523223877e+00
2.421881794929504395e+00
-4.063429892063140869e+01
1.541397571563720703e+00
-3.470414280891418457e+00
2.559390103816986084e+01
1.514147466421127319e+01
-2.368269517645239830e+01
2.317202755808830261e+01
6.129709970951080322e+01
-3.119928646087646484e+01
-2.436467793583869934e+01
-2.387379658222198486e+02
-1.076729260683059692e+02
-2.690508919656276703e+02
3.280500371456146240e+02
-1.989026347398757935e+02
8.868157742917537689e+01
4.130298101902008057e+01
-7.223824184965342283e+02
-1.487250517904758453e+02
-2.539332267716526985e+02
4.923003638982772827e+02
1.546050357818603516e+01
-1.829991698265075684e+00
-1.661923885345458984e+00
2.606261730194091797e+00
-1.017310738563537598e+00
1.947027206420898438e+00
4.732444286346435547e+00
9.926678657531738281e+00
-2.098701000213623047e+00
6.091569900512695312e+00
-5.591115355491638184e-01
4.644466876983642578e+00
-6.959786415100097656e+00
-1.489460945129394531e+00
2.905032783746719360e+00
-9.183821946382522583e+00
6.846387386322021484e+00
1.611978158354759216e+00
1.206069159507751465e+01
-3.657088160514831543e+00
2.184009420871734619e+01
-2.368445903062820435e+00
-2.459999355673789978e+01
-3.371782865375280380e+01
-4.268266938626766205e+00
4.695836478471755981e+01
-2.669136142730712891e+01
-5.405836847424507141e+01
-1.593888542801141739e+02
-1.219127073884010315e+02
-1.132928996086120605e+02
4.646484631299972534e+02
-3.215171132087707520e+02
-9.468126052431762218e+01
-1.569333915412425995e+02
-7.610071380957961082e+02
1.804874741770327091e+02
-5.394904566295444965e+02
3.927356601953506470e+02
1.510701560974121094e+01
-1.297163724899291992e+00
-1.762153744697570801e+00
1.072255015373229980e+00
-3.950078964233398438e+00
3.402421712875366211e+00
-2.548431158065795898e+00
-4.298340797424316406e+00
-1.108284091949462891e+01
3.282618224620819092e-01
-5.238787651062011719e+00
1.902638673782348633e+00
-2.291999101638793945e+00
-6.826810836791992188e-01
1.119832879304885864e+01
-6.006644621491432190e+00
-1.474766761064529419e+01
-1.257584610581398010e+01
1.085742485523223877e+01
-9.116057157516479492e+00
1.169479405879974365e+01
1.067890053987503052e+01
-3.464193748682737350e+01
-2.961473188176751137e+01
-9.684302857145667076e+00
3.805204677581787109e+01
-1.320397663116455078e+01
-8.632700735330581665e+01
-8.448343867063522339e+01
-9.964320373535156250e+01
-1.141962940990924835e+01
4.724327189922332764e+02
-1.642975552082061768e+02
2.022671987786889076e+02
-2.289635589420795441e+02
-4.318084401898086071e+02
4.065420219451189041e+02
-4.668969382122159004e+02
1.086831005215644836e+02
1.509170913696289062e+01
1.243042349815368652e-01
-1.339673876762390137e+00
2.986810207366943359e+00
-4.361066341400146484e+00
2.567681550979614258e+00
-4.980035781860351562e+00
-1.784638285636901855e+00
1.109904170036315918e+00
-7.104196548461914062e-01
-4.053196430206298828e+00
3.182668685913085938e+00
-1.852623939514160156e+00
-1.419368743896484375e+00
1.174963593482971191e+01
-2.069256246089935303e+01
-2.080214011669158936e+01
-2.094185130298137665e+01
8.724762201309204102e+00
3.758250474929809570e+00
1.509744782000780106e+01
2.298256137967109680e+01
-2.705182223953306675e+01
4.443985596299171448e+00
-6.880671579390764236e+00
3.878740066289901733e+01
-1.029005050659179688e-01
-9.885646770894527435e+01
9.469063460826873779e+00
-1.038108745813369751e+02
-1.426042371988296509e+01
3.562313311100006104e+02
3.744406890869140625e+01
1.862914137132465839e+02
-5.347128818631172180e+02
-1.254249390438199043e+02
3.242089490368962288e+02
-2.556332789715379477e+02
-1.043070039749145508e+02
1.477185821533203125e+01
-6.147313714027404785e-01
-3.030408620834350586e+00
3.957667827606201172e+00
2.286254405975341797e+00
2.206900119781494141e-01
-4.175322055816650391e+00
1.291039943695068359e+00
-1.613202929496765137e+00
-7.091287970542907715e-01
-6.587192416191101074e-01
2.221653610467910767e-01
-4.619711041450500488e-01
-2.899496078491210938e+00
7.943371713161468506e+00
-1.076800158619880676e+01
-2.877693581581115723e+01
-9.700451433658599854e+00
6.747157573699951172e-01
-1.961952996253967285e+01
4.861805941909551620e-01
-7.406297475099563599e+00
-3.158776962384581566e+01
2.700911980867385864e+01
-2.345887904055416584e+01
6.412461328506469727e+01
7.022591590881347656e+00
-6.235931137204170227e+01
1.259594433903694153e+02
-6.778361427783966064e+01
-6.456611523032188416e+01
1.301811480522155762e+02
2.298241396248340607e+02
-1.200316531211137772e+01
-6.221117787957191467e+02
5.976648326776921749e+01
1.816871205419301987e+02
8.193156971037387848e+01
-3.577214529514312744e+02
1.543162345886230469e+01
5.478717088699340820e-01
-3.792258799076080322e-01
3.171877861022949219e+00
-6.069000959396362305e-01
5.965565204620361328e+00
-1.296354532241821289e+00
2.977303981781005859e+00
-5.475406646728515625e+00
-1.419585466384887695e+00
-1.965950012207031250e+00
2.892084233462810516e-02
-2.778544425964355469e+00
-3.153022766113281250e+00
2.351756095886230469e+00
1.452810764312744141e-01
-1.088183462619781494e+01
1.076836109161376953e+00
1.681272864341735840e+01
-2.910855746269226074e+01
4.353442940860986710e+00
-8.334219515323638916e+00
-1.326871186308562756e+01
3.979899114370346069e+01
-4.794002069532871246e+01
6.201874190568923950e+01
-1.116742134094238281e+00
-9.880833035707473755e+01
1.241858656555414200e+02
5.595343285799026489e+01
5.170082658529281616e+01
-1.888696800470352173e+02
2.837709449529647827e+02
-1.642446879092603922e+02
-4.786616356670856476e+02
3.375494602173566818e+02
-2.172497286275029182e+01
2.848890668079257011e+02
-5.415999826192855835e+02
1.510404968261718750e+01
9.814494252204895020e-01
-1.118548154830932617e+00
-2.068709135055541992e+00
-4.632015705108642578e+00
2.539630174636840820e+00
-3.269184112548828125e+00
1.022120833396911621e+00
-1.180182933807373047e+00
-1.070710830390453339e-02
-6.920925378799438477e-01
1.707906126976013184e+00
1.715664625167846680e+00
-2.102942466735839844e+00
-7.937057614326477051e-01
9.408965408802032471e-01
-3.639046669006347656e+00
-5.032471418380737305e+00
5.066043138504028320e+00
1.388486540317535400e+01
5.375799633748829365e+01
-1.045155236124992371e+01
1.467528939247131348e+01
2.301078101992607117e+01
-1.288021133653819561e+01
1.972376430034637451e+01
1.251510620117187500e+01
-1.363232695534825325e+02
1.451927504539489746e+02
2.332381291389465332e+02
1.454771794527769089e+02
-1.874358924627304077e+02
1.350308814868330956e+02
-1.057774725705385208e+02
-4.935862960517406464e+02
3.656578681543469429e+02
-3.461336677372455597e+02
3.655263009071350098e+02
-6.442105466723442078e+02
1.492257404327392578e+01
-4.607806205749511719e-01
-4.051305770874023438e+00
-1.506693840026855469e+00
-1.976551532745361328e+00
2.672790050506591797e+00
-2.889128684997558594e+00
-7.238490507006645203e-03
-1.636129319667816162e-01
3.061277389526367188e+00
2.210209608078002930e+00
-2.128746509552001953e+00
2.077041149139404297e+00
-1.228223800659179688e+00
-6.977952718734741211e-01
5.365931391716003418e-01
-7.563295602798461914e+00
-1.022547960281372070e+01
6.820644855499267578e+00
3.111404475569725037e+01
1.338798356056213379e+01
-6.669512546062469482e+01
6.499597458168864250e+00
-1.229743313789367676e+01
1.497870485857129097e+01
2.200784891843795776e+01
3.286145114898681641e+01
-1.261054480373859406e+02
1.938351028263568878e+02
2.300350117683410645e+02
1.326021542549133301e+02
-1.382926403284072876e+02
-1.028710084259510040e+02
-1.287596076056361198e+02
-3.677137124538421631e+02
2.360083606690168381e+02
-6.046848436892032623e+02
4.304391417149454355e+02
-7.312865109443664551e+02
1.486943435668945312e+01
-1.343611955642700195e+00
-8.403164148330688477e-01
1.247619390487670898e+00
-2.356826305389404297e+00
2.138992786407470703e+00
-4.681627750396728516e+00
1.333142399787902832e+00
-6.341483116149902344e+00
1.462530255317687988e+00
3.308450698852539062e+00
-1.263140201568603516e+00
4.322589874267578125e+00
-8.706884384155273438e-01
1.431882172822952271e+00
7.570223420858383179e+00
-1.103533256053924561e+01
-1.411791288852691650e+01
-3.285277605056762695e+00
2.963532349467277527e+01
-1.847772254236042500e+01
-6.329461231827735901e+01
-2.134598881378769875e+01
-2.947771951556205750e+01
4.108248265646398067e+01
-6.064070701599121094e+00
4.766626071929931641e+01
-1.141916425377130508e+02
1.157735626101493835e+02
1.211311188340187073e+02
7.797569686174392700e+01
-6.347013521194458008e+01
-2.963018482178449631e+02
-1.822922119647264481e+02
-5.334826135635375977e+01
1.145366408433765173e+02
-5.903422527313232422e+02
4.286431731954216957e+02
-7.415997921228408813e+02
1.485195350646972656e+01
-1.313719272613525391e+00
-1.439130783081054688e+00
3.507626056671142578e+00
-1.405731081962585449e+00
6.465491771697998047e+00
-2.216785669326782227e+00
5.969956874847412109e+00
-7.209770679473876953e+00
-1.367633342742919922e-01
-1.431522071361541748e-01
-2.681931734085083008e+00
1.074715852737426758e+00
-1.922351837158203125e+00
-6.064229868352413177e+00
-1.861808896064758301e+00
5.146599769592285156e+00
9.168554037809371948e+00
-2.469547474384307861e+01
1.616811660677194595e+01
-9.054912123829126358e+00
-2.095356303453445435e+01
2.147393538989126682e+01
-2.988153707981109619e+01
1.530455548316240311e+01
-3.586455464363098145e+01
4.996374797821044922e+01
-1.279805257022380829e+02
7.762803450226783752e+01
-4.496297948062419891e+01
6.060236632823944092e+01
-2.182985806465148926e+01
-6.148496227562427521e+02
-3.121631278786808252e+02
1.347600146234035492e+02
-6.252161062508821487e+01
-3.129910318851470947e+02
2.776887365095317364e+02
-4.952818403244018555e+02
1.483957099914550781e+01
1.995308399200439453e-01
-1.629363059997558594e+00
2.296548604965209961e+00
-4.760745048522949219e+00
1.609617233276367188e+00
-4.983060061931610107e-01
4.050296306610107422e+00
-6.419781208038330078e+00
1.360796689987182617e+00
-5.446250438690185547e+00
4.363105773925781250e+00
-3.162739753723144531e+00
1.327729225158691406e+00
-5.503956630825996399e+00
6.901537299156188965e+00
1.439987337589263916e+01
6.244954407215118408e+00
-6.458352923393249512e+00
-2.434881366789340973e+01
1.058801228739321232e+01
-3.723119625449180603e+01
1.031524359434843063e+01
-4.913648107647895813e+01
1.705798983573913574e+01
-2.191455817222595215e+01
4.292805862426757812e+01
-1.689598987922072411e+02
7.669260463118553162e+01
-9.370886097848415375e+01
1.058138575255870819e+02
1.724934729337692261e+02
-9.318871026560664177e+02
-3.349436819478869438e+02
3.042363519668579102e+02
-1.996904586367309093e+02
1.189368147253990173e+02
-1.091372655257582664e+02
-1.636865478157997131e+02
1.508235740661621094e+01
8.512195944786071777e-01
-1.795915246009826660e+00
1.344869494438171387e+00
-1.801568508148193359e+00
3.081343412399291992e+00
8.540398478507995605e-01
-2.081166505813598633e+00
-9.801436424255371094e+00
-1.647684812545776367e+00
-5.448441028594970703e+00
5.919827461242675781e+00
3.096553325653076172e+00
2.702176094055175781e+00
-6.039633817970752716e+00
1.386027234792709351e+01
-1.841139793395996094e+00
-1.524865716695785522e+00
2.343335509300231934e+00
-4.498849041014909744e+01
9.427940100431442261e-02
-2.705675590038299561e+01
-7.842996060848236084e+00
-4.165563541650772095e+01
2.522850060462951660e+01
-2.411624145507812500e+01
3.178441238403320312e+01
-1.904552702307701111e+02
6.485715401172637939e+01
-8.010774011909961700e+01
6.974197804927825928e+01
2.841264468431472778e+02
-9.347056345343589783e+02
-5.035966702923178673e+01
4.710578779578208923e+02
-1.847809980735182762e+02
4.499936177432537079e+02
-3.151242314297705889e+02
-3.161589193344116211e+01
1.496603012084960938e+01
1.199222132563591003e-01
-4.729720354080200195e-01
-8.671178817749023438e-01
-4.255629479885101318e-01
1.079367995262145996e+00
6.718822568655014038e-02
-2.542924404144287109e+00
-9.810995101928710938e+00
-5.760793209075927734e+00
-2.450861454010009766e+00
4.885302543640136719e+00
-3.694528579711914062e+00
3.083866119384765625e+00
-1.061426240205764771e+01
5.508425742387771606e+00
-1.747161109745502472e+01
1.257527828216552734e+00
9.300454735755920410e+00
-5.893172073364257812e+01
-1.469678379595279694e+01
-4.747029185295104980e+00
-8.586457848548889160e+00
-1.901581642031669617e+01
1.377496004104614258e+01
-2.138683509826660156e+01
2.149432277679443359e+01
-1.903105655908584595e+02
4.270581516623497009e+01
-8.396109391748905182e+01
6.643704175949096680e+00
3.799861469268798828e+02
-7.712300188243389130e+02
8.074809940904378891e+01
3.524166761636734009e+02
-1.771370260547846556e+02
6.020326853990554810e+02
-3.836459155529737473e+02
1.403780813217163086e+02
1.498212432861328125e+01
-1.363826155662536621e+00
-2.259293794631958008e+00
1.869320392608642578e+00
-9.561129808425903320e-01
8.149603605270385742e-01
-2.674019336700439453e+00
3.745035409927368164e+00
5.977979898452758789e-01
1.064137744903564453e+01
-2.099256992340087891e+00
-3.958836078643798828e+00
-6.325461864471435547e+00
2.933003425598144531e+00
-1.787307887524366379e+01
9.631974726915359497e+00
-2.096803556382656097e+01
2.068904489278793335e+00
1.121137893199920654e+01
-7.666122167557477951e+01
-2.296583555638790131e+01
-5.257647037506103516e+00
-1.219681543111801147e+01
1.266497278213500977e+01
2.372010231018066406e+00
-3.944101572036743164e+00
1.034659194946289062e+01
-1.582610396072268486e+02
4.702395310997962952e+01
-1.069321114271879196e+02
-8.217109778523445129e+01
4.025245540142059326e+02
-5.177705792412161827e+02
6.053113796003162861e+01
1.902896046936511993e+02
-2.832837062031030655e+02
6.303854424357414246e+02
-2.956190936863422394e+02
2.027994353771209717e+02
1.528542041778564453e+01
-9.902573823928833008e-01
-8.316488862037658691e-01
5.973063111305236816e-01
-4.702778339385986328e+00
3.694263696670532227e+00
-1.265983390808105469e+01
4.805732727050781250e+00
-8.676367759704589844e+00
8.724208474159240723e-01
-5.538134574890136719e+00
2.120309591293334961e+00
6.042002201080322266e+00
2.374742507934570312e+00
-2.413529448211193085e+01
1.039289003610610962e+01
-1.204763278365135193e+01
7.185839474201202393e+00
3.184379208087921143e+01
-7.868278656899929047e+01
-6.890327066183090210e+00
-8.218566536903381348e+00
-2.027554821968078613e+01
3.173575329780578613e+01
-1.953673171997070312e+01
2.990394115447998047e+00
-8.347238540649414062e+00
-1.403059622645378113e+02
2.516885131597518921e+00
-5.422298316657543182e+01
-6.470036005973815918e+01
2.851143722534179688e+02
-2.357484651803970337e+02
6.356632512807846069e+01
1.827798573970794678e+02
-1.777390724122524261e+02
6.017539465427398682e+02
-2.843485128879547119e+02
1.189334290027618408e+02
1.518942832946777344e+01
-2.190749406814575195e+00
-4.717545807361602783e-01
1.308254748582839966e-01
-1.906908512115478516e+00
5.049998760223388672e+00
-8.065353393554687500e+00
1.726545244455337524e-01
-8.232619285583496094e+00
-2.065562486648559570e+00
-1.339555144309997559e+00
2.148694276809692383e+00
-1.408542394638061523e+00
1.417094230651855469e+00
-2.195422939211130142e+01
9.235267758369445801e+00
-5.805816680192947388e+00
-3.971117943525314331e+00
2.961232554912567139e+01
-6.626338542252779007e+01
5.384180933237075806e+00
-6.206690073013305664e+00
-1.893768173456192017e+01
2.548744559288024902e+01
-1.105091214179992676e+01
-8.779129981994628906e+00
-1.413010978698730469e+01
-1.036595192104578018e+02
-9.270528525114059448e+00
5.570492957532405853e+01
-4.870794850587844849e+01
2.045819993019104004e+02
-7.387950046360492706e+01
1.503770412951707840e+02
7.913507103919982910e+01
-8.757628047466278076e+01
4.214787479937076569e+02
-2.379552927017211914e+02
7.773198032379150391e+01
0.000000000000000000e+00
0.000000000000000000e+00
0.000000000000000000e+00
0.000000000000000000e+00
0.000000000000000000e+00
0.000000000000000000e+00
0.000000000000000000e+00
0.000000000000000000e+00
0.000000000000000000e+00
0.000000000000000000e+00
0.000000000000000000e+00
0.000000000000000000e+00
0.000000000000000000e+00
0.000000000000000000e+00
0.000000000000000000e+00
0.000000000000000000e+00
0.000000000000000000e+00
0.000000000000000000e+00
0.000000000000000000e+00
0.000000000000000000e+00
0.000000000000000000e+00
0.000000000000000000e+00
0.000000000000000000e+00
0.000000000000000000e+00
0.000000000000000000e+00
0.000000000000000000e+00
0.000000000000000000e+00
0.000000000000000000e+00
0.000000000000000000e+00
0.000000000000000000e+00
0.000000000000000000e+00
0.000000000000000000e+00
0.000000000000000000e+00
0.000000000000000000e+00
0.000000000000000000e+00
0.000000000000000000e+00
0.000000000000000000e+00
0.000000000000000000e+00
0.000000000000000000e+00
0.000000000000000000e+00
0.000000000000000000e+00
0.000000000000000000e+00
0.000000000000000000e+00
0.000000000000000000e+00
0.000000000000000000e+00
0.000000000000000000e+00
0.000000000000000000e+00
0.000000000000000000e+00
0.000000000000000000e+00
0.000000000000000000e+00
0.000000000000000000e+00
0.000000000000000000e+00
0.000000000000000000e+00
0.000000000000000000e+00
0.000000000000000000e+00
0.000000000000000000e+00
0.000000000000000000e+00
0.000000000000000000e+00
0.000000000000000000e+00
0.000000000000000000e+00
0.000000000000000000e+00
0.000000000000000000e+00
0.000000000000000000e+00
0.000000000000000000e+00
0.000000000000000000e+00
0.000000000000000000e+00
0.000000000000000000e+00
0.000000000000000000e+00
0.000000000000000000e+00
0.000000000000000000e+00
0.000000000000000000e+00
0.000000000000000000e+00
0.000000000000000000e+00
0.000000000000000000e+00
0.000000000000000000e+00
0.000000000000000000e+00
0.000000000000000000e+00
0.000000000000000000e+00
0.000000000000000000e+00
0.000000000000000000e+00
0.000000000000000000e+00
0.000000000000000000e+00
0.000000000000000000e+00
0.000000000000000000e+00
0.000000000000000000e+00
0.000000000000000000e+00
0.000000000000000000e+00
0.000000000000000000e+00
0.000000000000000000e+00
0.000000000000000000e+00
0.000000000000000000e+00
0.000000000000000000e+00
0.000000000000000000e+00
0.000000000000000000e+00
0.000000000000000000e+00
0.000000000000000000e+00
0.000000000000000000e+00
0.000000000000000000e+00
0.000000000000000000e+00
0.000000000000000000e+00
0.000000000000000000e+00
0.000000000000000000e+00
0.000000000000000000e+00
0.000000000000000000e+00
0.000000000000000000e+00
0.000000000000000000e+00
0.000000000000000000e+00
0.000000000000000000e+00
0.000000000000000000e+00
0.000000000000000000e+00
0.000000000000000000e+00
0.000000000000000000e+00
0.000000000000000000e+00
0.000000000000000000e+00
0.000000000000000000e+00
0.000000000000000000e+00
0.000000000000000000e+00
0.000000000000000000e+00
0.000000000000000000e+00
0.000000000000000000e+00
0.000000000000000000e+00
0.000000000000000000e+00
0.000000000000000000e+00
0.000000000000000000e+00
0.000000000000000000e+00
0.000000000000000000e+00
0.000000000000000000e+00
0.000000000000000000e+00
0.000000000000000000e+00
0.000000000000000000e+00
0.000000000000000000e+00
0.000000000000000000e+00
0.000000000000000000e+00
0.000000000000000000e+00
0.000000000000000000e+00
0.000000000000000000e+00
0.000000000000000000e+00
0.000000000000000000e+00
0.000000000000000000e+00
0.000000000000000000e+00
0.000000000000000000e+00
0.000000000000000000e+00
0.000000000000000000e+00
0.000000000000000000e+00
0.000000000000000000e+00
0.000000000000000000e+00
0.000000000000000000e+00
0.000000000000000000e+00
0.000000000000000000e+00
0.000000000000000000e+00
0.000000000000000000e+00
0.000000000000000000e+00
0.000000000000000000e+00
0.000000000000000000e+00
0.000000000000000000e+00
0.000000000000000000e+00
0.000000000000000000e+00
0.000000000000000000e+00
0.000000000000000000e+00
0.000000000000000000e+00
0.000000000000000000e+00
0.000000000000000000e+00
0.000000000000000000e+00
0.000000000000000000e+00
0.000000000000000000e+00
0.000000000000000000e+00
0.000000000000000000e+00
0.000000000000000000e+00
0.000000000000000000e+00
0.000000000000000000e+00
0.000000000000000000e+00
0.000000000000000000e+00
0.000000000000000000e+00
0.000000000000000000e+00
0.000000000000000000e+00
0.000000000000000000e+00
0.000000000000000000e+00
0.000000000000000000e+00
0.000000000000000000e+00
0.000000000000000000e+00
0.000000000000000000e+00
0.000000000000000000e+00
0.000000000000000000e+00
0.000000000000000000e+00
0.000000000000000000e+00
0.000000000000000000e+00
0.000000000000000000e+00
0.000000000000000000e+00
0.000000000000000000e+00
0.000000000000000000e+00
0.000000000000000000e+00
0.000000000000000000e+00
0.000000000000000000e+00
0.000000000000000000e+00
0.000000000000000000e+00
0.000000000000000000e+00
0.000000000000000000e+00
0.000000000000000000e+00
0.000000000000000000e+00
0.000000000000000000e+00
0.000000000000000000e+00
0.000000000000000000e+00
0.000000000000000000e+00
0.000000000000000000e+00
0.000000000000000000e+00
0.000000000000000000e+00
0.000000000000000000e+00
0.000000000000000000e+00
0.000000000000000000e+00
0.000000000000000000e+00
0.000000000000000000e+00
0.000000000000000000e+00
0.000000000000000000e+00
0.000000000000000000e+00
0.000000000000000000e+00
0.000000000000000000e+00
0.000000000000000000e+00
0.000000000000000000e+00
0.000000000000000000e+00
0.000000000000000000e+00
0.000000000000000000e+00
0.000000000000000000e+00
0.000000000000000000e+00
0.000000000000000000e+00
0.000000000000000000e+00
0.000000000000000000e+00
0.000000000000000000e+00
0.000000000000000000e+00
0.000000000000000000e+00
0.000000000000000000e+00
0.000000000000000000e+00
0.000000000000000000e+00
0.000000000000000000e+00
0.000000000000000000e+00
0.000000000000000000e+00
0.000000000000000000e+00
0.000000000000000000e+00
0.000000000000000000e+00
0.000000000000000000e+00
0.000000000000000000e+00
0.000000000000000000e+00
0.000000000000000000e+00
0.000000000000000000e+00
0.000000000000000000e+00
0.000000000000000000e+00
0.000000000000000000e+00
0.000000000000000000e+00
0.000000000000000000e+00
0.000000000000000000e+00
0.000000000000000000e+00
0.000000000000000000e+00
0.000000000000000000e+00
0.000000000000000000e+00
0.000000000000000000e+00
0.000000000000000000e+00
0.000000000000000000e+00
0.000000000000000000e+00
0.000000000000000000e+00
0.000000000000000000e+00
0.000000000000000000e+00
0.000000000000000000e+00
0.000000000000000000e+00
0.000000000000000000e+00
0.000000000000000000e+00
0.000000000000000000e+00
0.000000000000000000e+00
0.000000000000000000e+00
0.000000000000000000e+00
0.000000000000000000e+00
0.000000000000000000e+00
0.000000000000000000e+00
0.000000000000000000e+00
0.000000000000000000e+00
0.000000000000000000e+00
0.000000000000000000e+00
0.000000000000000000e+00
0.000000000000000000e+00
0.000000000000000000e+00
0.000000000000000000e+00
0.000000000000000000e+00
0.000000000000000000e+00
0.000000000000000000e+00
0.000000000000000000e+00
0.000000000000000000e+00
0.000000000000000000e+00
0.000000000000000000e+00
0.000000000000000000e+00
0.000000000000000000e+00
0.000000000000000000e+00
0.000000000000000000e+00
0.000000000000000000e+00
0.000000000000000000e+00
0.000000000000000000e+00
0.000000000000000000e+00
0.000000000000000000e+00
0.000000000000000000e+00
0.000000000000000000e+00
0.000000000000000000e+00
0.000000000000000000e+00
0.000000000000000000e+00
0.000000000000000000e+00
0.000000000000000000e+00
0.000000000000000000e+00
0.000000000000000000e+00
0.000000000000000000e+00
0.000000000000000000e+00
0.000000000000000000e+00
0.000000000000000000e+00
0.000000000000000000e+00
0.000000000000000000e+00
0.000000000000000000e+00
0.000000000000000000e+00
0.000000000000000000e+00
0.000000000000000000e+00
0.000000000000000000e+00
0.000000000000000000e+00
0.000000000000000000e+00
0.000000000000000000e+00
0.000000000000000000e+00
0.000000000000000000e+00
0.000000000000000000e+00
0.000000000000000000e+00
0.000000000000000000e+00
0.000000000000000000e+00
0.000000000000000000e+00
0.000000000000000000e+00
0.000000000000000000e+00
0.000000000000000000e+00
0.000000000000000000e+00
0.000000000000000000e+00
0.000000000000000000e+00
0.000000000000000000e+00
0.000000000000000000e+00
0.000000000000000000e+00
0.000000000000000000e+00
0.000000000000000000e+00
0.000000000000000000e+00
0.000000000000000000e+00
0.000000000000000000e+00
0.000000000000000000e+00
0.000000000000000000e+00
0.000000000000000000e+00
0.000000000000000000e+00
0.000000000000000000e+00
0.000000000000000000e+00
0.000000000000000000e+00
0.000000000000000000e+00
0.000000000000000000e+00
0.000000000000000000e+00
0.000000000000000000e+00
0.000000000000000000e+00
0.000000000000000000e+00
0.000000000000000000e+00
0.000000000000000000e+00
0.000000000000000000e+00
0.000000000000000000e+00
0.000000000000000000e+00
0.000000000000000000e+00
0.000000000000000000e+00
0.000000000000000000e+00
0.000000000000000000e+00
0.000000000000000000e+00
0.000000000000000000e+00
0.000000000000000000e+00
0.000000000000000000e+00
0.000000000000000000e+00
0.000000000000000000e+00
0.000000000000000000e+00
0.000000000000000000e+00
0.000000000000000000e+00
0.000000000000000000e+00
0.000000000000000000e+00
0.000000000000000000e+00
0.000000000000000000e+00
0.000000000000000000e+00
0.000000000000000000e+00
0.000000000000000000e+00
0.000000000000000000e+00
0.000000000000000000e+00
0.000000000000000000e+00
0.000000000000000000e+00
0.000000000000000000e+00
0.000000000000000000e+00
0.000000000000000000e+00
0.000000000000000000e+00
0.000000000000000000e+00
0.000000000000000000e+00
0.000000000000000000e+00
0.000000000000000000e+00
0.000000000000000000e+00
0.000000000000000000e+00
0.000000000000000000e+00
0.000000000000000000e+00
0.000000000000000000e+00
0.000000000000000000e+00
0.000000000000000000e+00
0.000000000000000000e+00
0.000000000000000000e+00
0.000000000000000000e+00
0.000000000000000000e+00
0.000000000000000000e+00
0.000000000000000000e+00
0.000000000000000000e+00
0.000000000000000000e+00
0.000000000000000000e+00
0.000000000000000000e+00
0.000000000000000000e+00
0.000000000000000000e+00
0.000000000000000000e+00
0.000000000000000000e+00
0.000000000000000000e+00
0.000000000000000000e+00
0.000000000000000000e+00
0.000000000000000000e+00
0.000000000000000000e+00
0.000000000000000000e+00
0.000000000000000000e+00
0.000000000000000000e+00
0.000000000000000000e+00
0.000000000000000000e+00
0.000000000000000000e+00
0.000000000000000000e+00
0.000000000000000000e+00
0.000000000000000000e+00
0.000000000000000000e+00
0.000000000000000000e+00
0.000000000000000000e+00
0.000000000000000000e+00
0.000000000000000000e+00
